{"/Users/paulsondhi/listener/packages/server/lib/spotify.js": {"path":"/Users/paulsondhi/listener/packages/server/lib/spotify.js","all":false,"statementMap":{"0":{"start":{"line":1,"column":0},"end":{"line":1,"column":29}},"1":{"start":{"line":2,"column":0},"end":{"line":2,"column":33}},"2":{"start":{"line":3,"column":0},"end":{"line":3,"column":38}},"4":{"start":{"line":5,"column":0},"end":{"line":5,"column":40}},"5":{"start":{"line":6,"column":0},"end":{"line":6,"column":24}},"6":{"start":{"line":7,"column":0},"end":{"line":7,"column":30}},"8":{"start":{"line":9,"column":0},"end":{"line":9,"column":40}},"9":{"start":{"line":10,"column":0},"end":{"line":10,"column":25}},"10":{"start":{"line":11,"column":0},"end":{"line":11,"column":52}},"11":{"start":{"line":12,"column":0},"end":{"line":12,"column":24}},"12":{"start":{"line":13,"column":0},"end":{"line":13,"column":3}},"14":{"start":{"line":15,"column":0},"end":{"line":15,"column":43}},"15":{"start":{"line":16,"column":0},"end":{"line":16,"column":57}},"16":{"start":{"line":17,"column":0},"end":{"line":17,"column":98}},"17":{"start":{"line":18,"column":0},"end":{"line":18,"column":153}},"18":{"start":{"line":19,"column":0},"end":{"line":19,"column":41}},"20":{"start":{"line":21,"column":0},"end":{"line":21,"column":28}},"21":{"start":{"line":22,"column":0},"end":{"line":22,"column":75}},"22":{"start":{"line":23,"column":0},"end":{"line":23,"column":23}},"24":{"start":{"line":25,"column":0},"end":{"line":25,"column":76}},"25":{"start":{"line":26,"column":0},"end":{"line":26,"column":225}},"27":{"start":{"line":28,"column":0},"end":{"line":28,"column":69}},"28":{"start":{"line":29,"column":0},"end":{"line":29,"column":19}},"29":{"start":{"line":30,"column":0},"end":{"line":30,"column":14}},"30":{"start":{"line":31,"column":0},"end":{"line":31,"column":40}},"31":{"start":{"line":32,"column":0},"end":{"line":32,"column":57}},"32":{"start":{"line":33,"column":0},"end":{"line":33,"column":6}},"33":{"start":{"line":34,"column":0},"end":{"line":34,"column":69}},"34":{"start":{"line":35,"column":0},"end":{"line":35,"column":5}},"35":{"start":{"line":36,"column":0},"end":{"line":36,"column":16}},"36":{"start":{"line":37,"column":0},"end":{"line":37,"column":69}},"37":{"start":{"line":38,"column":0},"end":{"line":38,"column":79}},"38":{"start":{"line":39,"column":0},"end":{"line":39,"column":76}},"39":{"start":{"line":40,"column":0},"end":{"line":40,"column":105}},"40":{"start":{"line":41,"column":0},"end":{"line":41,"column":3}},"41":{"start":{"line":42,"column":0},"end":{"line":42,"column":32}},"42":{"start":{"line":43,"column":0},"end":{"line":43,"column":35}},"43":{"start":{"line":44,"column":0},"end":{"line":44,"column":85}},"44":{"start":{"line":45,"column":0},"end":{"line":45,"column":22}},"45":{"start":{"line":46,"column":0},"end":{"line":46,"column":1}}},"s":{"0":1,"1":1,"2":1,"4":1,"5":1,"6":1,"8":11,"9":11,"10":11,"11":2,"12":2,"14":9,"15":9,"16":11,"17":11,"18":11,"20":11,"21":11,"22":11,"24":11,"25":11,"27":11,"28":11,"29":11,"30":11,"31":11,"32":11,"33":11,"34":11,"35":11,"36":1,"37":1,"38":1,"39":1,"40":1,"41":6,"42":6,"43":6,"44":6,"45":6},"branchMap":{"0":{"type":"branch","line":9,"loc":{"start":{"line":9,"column":0},"end":{"line":46,"column":1}},"locations":[{"start":{"line":9,"column":0},"end":{"line":46,"column":1}}]},"1":{"type":"branch","line":11,"loc":{"start":{"line":11,"column":19},"end":{"line":11,"column":49}},"locations":[{"start":{"line":11,"column":19},"end":{"line":11,"column":49}}]},"2":{"type":"branch","line":11,"loc":{"start":{"line":11,"column":51},"end":{"line":13,"column":3}},"locations":[{"start":{"line":11,"column":51},"end":{"line":13,"column":3}}]},"3":{"type":"branch","line":13,"loc":{"start":{"line":13,"column":2},"end":{"line":17,"column":80}},"locations":[{"start":{"line":13,"column":2},"end":{"line":17,"column":80}}]},"4":{"type":"branch","line":17,"loc":{"start":{"line":17,"column":80},"end":{"line":17,"column":94}},"locations":[{"start":{"line":17,"column":80},"end":{"line":17,"column":94}}]},"5":{"type":"branch","line":18,"loc":{"start":{"line":18,"column":88},"end":{"line":18,"column":130}},"locations":[{"start":{"line":18,"column":88},"end":{"line":18,"column":130}}]},"6":{"type":"branch","line":18,"loc":{"start":{"line":18,"column":131},"end":{"line":18,"column":149}},"locations":[{"start":{"line":18,"column":131},"end":{"line":18,"column":149}}]},"7":{"type":"branch","line":35,"loc":{"start":{"line":35,"column":4},"end":{"line":36,"column":15}},"locations":[{"start":{"line":35,"column":4},"end":{"line":36,"column":15}}]},"8":{"type":"branch","line":36,"loc":{"start":{"line":36,"column":15},"end":{"line":41,"column":3}},"locations":[{"start":{"line":36,"column":15},"end":{"line":41,"column":3}}]},"9":{"type":"branch","line":41,"loc":{"start":{"line":41,"column":2},"end":{"line":46,"column":1}},"locations":[{"start":{"line":41,"column":2},"end":{"line":46,"column":1}}]}},"b":{"0":[11],"1":[4],"2":[2],"3":[9],"4":[1],"5":[8],"6":[1],"7":[9],"8":[1],"9":[6]},"fnMap":{"0":{"name":"getSpotifyAccessToken","decl":{"start":{"line":9,"column":0},"end":{"line":46,"column":1}},"loc":{"start":{"line":9,"column":0},"end":{"line":46,"column":1}},"line":9}},"f":{"0":11}}
,"/Users/paulsondhi/listener/packages/server/lib/transcribe.js": {"path":"/Users/paulsondhi/listener/packages/server/lib/transcribe.js","all":false,"statementMap":{"0":{"start":{"line":1,"column":0},"end":{"line":1,"column":20}},"1":{"start":{"line":2,"column":0},"end":{"line":2,"column":20}},"2":{"start":{"line":3,"column":0},"end":{"line":3,"column":45}},"4":{"start":{"line":5,"column":0},"end":{"line":5,"column":14}},"6":{"start":{"line":7,"column":0},"end":{"line":7,"column":30}},"7":{"start":{"line":8,"column":0},"end":{"line":8,"column":14}},"8":{"start":{"line":9,"column":0},"end":{"line":9,"column":52}},"9":{"start":{"line":10,"column":0},"end":{"line":10,"column":22}},"10":{"start":{"line":11,"column":0},"end":{"line":11,"column":59}},"11":{"start":{"line":12,"column":0},"end":{"line":12,"column":9}},"12":{"start":{"line":13,"column":0},"end":{"line":13,"column":34}},"13":{"start":{"line":14,"column":0},"end":{"line":14,"column":5}},"14":{"start":{"line":15,"column":0},"end":{"line":15,"column":14}},"15":{"start":{"line":16,"column":0},"end":{"line":16,"column":1}},"17":{"start":{"line":18,"column":0},"end":{"line":18,"column":44}},"18":{"start":{"line":19,"column":0},"end":{"line":19,"column":44}},"19":{"start":{"line":20,"column":0},"end":{"line":20,"column":54}},"21":{"start":{"line":22,"column":0},"end":{"line":22,"column":26}},"22":{"start":{"line":23,"column":0},"end":{"line":23,"column":39}},"24":{"start":{"line":25,"column":0},"end":{"line":25,"column":37}},"25":{"start":{"line":26,"column":0},"end":{"line":26,"column":9}},"26":{"start":{"line":27,"column":0},"end":{"line":27,"column":81}},"27":{"start":{"line":28,"column":0},"end":{"line":28,"column":25}},"28":{"start":{"line":29,"column":0},"end":{"line":29,"column":68}},"29":{"start":{"line":30,"column":0},"end":{"line":30,"column":10}},"30":{"start":{"line":31,"column":0},"end":{"line":31,"column":31}},"31":{"start":{"line":32,"column":0},"end":{"line":32,"column":185}},"32":{"start":{"line":33,"column":0},"end":{"line":33,"column":73}},"33":{"start":{"line":34,"column":0},"end":{"line":34,"column":9}},"34":{"start":{"line":35,"column":0},"end":{"line":35,"column":73}},"35":{"start":{"line":36,"column":0},"end":{"line":36,"column":19}},"36":{"start":{"line":37,"column":0},"end":{"line":37,"column":125}},"37":{"start":{"line":38,"column":0},"end":{"line":38,"column":67}},"38":{"start":{"line":39,"column":0},"end":{"line":39,"column":5}},"39":{"start":{"line":40,"column":0},"end":{"line":40,"column":1}}},"s":{"0":1,"1":1,"2":1,"4":1,"6":5,"7":5,"8":4,"9":4,"10":1,"11":1,"12":3,"13":3,"14":4,"15":4,"17":1,"18":6,"19":6,"21":6,"22":6,"24":6,"25":6,"26":6,"27":6,"28":6,"29":6,"30":6,"31":6,"32":3,"33":3,"34":0,"35":6,"36":1,"37":1,"38":1,"39":6},"branchMap":{"0":{"type":"branch","line":7,"loc":{"start":{"line":7,"column":0},"end":{"line":16,"column":1}},"locations":[{"start":{"line":7,"column":0},"end":{"line":16,"column":1}}]},"1":{"type":"branch","line":8,"loc":{"start":{"line":8,"column":13},"end":{"line":16,"column":1}},"locations":[{"start":{"line":8,"column":13},"end":{"line":16,"column":1}}]},"2":{"type":"branch","line":10,"loc":{"start":{"line":10,"column":21},"end":{"line":12,"column":9}},"locations":[{"start":{"line":10,"column":21},"end":{"line":12,"column":9}}]},"3":{"type":"branch","line":12,"loc":{"start":{"line":12,"column":8},"end":{"line":14,"column":5}},"locations":[{"start":{"line":12,"column":8},"end":{"line":14,"column":5}}]},"4":{"type":"branch","line":18,"loc":{"start":{"line":18,"column":7},"end":{"line":40,"column":1}},"locations":[{"start":{"line":18,"column":7},"end":{"line":40,"column":1}}]},"5":{"type":"branch","line":30,"loc":{"start":{"line":30,"column":9},"end":{"line":31,"column":19}},"locations":[{"start":{"line":30,"column":9},"end":{"line":31,"column":19}}]},"6":{"type":"branch","line":31,"loc":{"start":{"line":31,"column":19},"end":{"line":31,"column":31}},"locations":[{"start":{"line":31,"column":19},"end":{"line":31,"column":31}}]},"7":{"type":"branch","line":31,"loc":{"start":{"line":31,"column":30},"end":{"line":32,"column":36}},"locations":[{"start":{"line":31,"column":30},"end":{"line":32,"column":36}}]},"8":{"type":"branch","line":32,"loc":{"start":{"line":32,"column":37},"end":{"line":32,"column":63}},"locations":[{"start":{"line":32,"column":37},"end":{"line":32,"column":63}}]},"9":{"type":"branch","line":32,"loc":{"start":{"line":32,"column":64},"end":{"line":32,"column":93}},"locations":[{"start":{"line":32,"column":64},"end":{"line":32,"column":93}}]},"10":{"type":"branch","line":32,"loc":{"start":{"line":32,"column":94},"end":{"line":32,"column":136}},"locations":[{"start":{"line":32,"column":94},"end":{"line":32,"column":136}}]},"11":{"type":"branch","line":32,"loc":{"start":{"line":32,"column":137},"end":{"line":32,"column":182}},"locations":[{"start":{"line":32,"column":137},"end":{"line":32,"column":182}}]},"12":{"type":"branch","line":32,"loc":{"start":{"line":32,"column":184},"end":{"line":34,"column":9}},"locations":[{"start":{"line":32,"column":184},"end":{"line":34,"column":9}}]},"13":{"type":"branch","line":34,"loc":{"start":{"line":34,"column":8},"end":{"line":36,"column":6}},"locations":[{"start":{"line":34,"column":8},"end":{"line":36,"column":6}}]},"14":{"type":"branch","line":36,"loc":{"start":{"line":36,"column":6},"end":{"line":39,"column":5}},"locations":[{"start":{"line":36,"column":6},"end":{"line":39,"column":5}}]}},"b":{"0":[5],"1":[4],"2":[1],"3":[3],"4":[6],"5":[4],"6":[1],"7":[3],"8":[3],"9":[3],"10":[3],"11":[3],"12":[3],"13":[0],"14":[1]},"fnMap":{"0":{"name":"getDeepgramClient","decl":{"start":{"line":7,"column":0},"end":{"line":16,"column":1}},"loc":{"start":{"line":7,"column":0},"end":{"line":16,"column":1}},"line":7},"1":{"name":"transcribe","decl":{"start":{"line":18,"column":7},"end":{"line":40,"column":1}},"loc":{"start":{"line":18,"column":7},"end":{"line":40,"column":1}},"line":18}},"f":{"0":5,"1":6}}
,"/Users/paulsondhi/listener/packages/server/lib/utils.js": {"path":"/Users/paulsondhi/listener/packages/server/lib/utils.js","all":false,"statementMap":{"0":{"start":{"line":1,"column":0},"end":{"line":1,"column":53}},"1":{"start":{"line":2,"column":0},"end":{"line":2,"column":28}},"2":{"start":{"line":3,"column":0},"end":{"line":3,"column":29}},"3":{"start":{"line":4,"column":0},"end":{"line":4,"column":33}},"5":{"start":{"line":6,"column":0},"end":{"line":6,"column":27}},"6":{"start":{"line":7,"column":0},"end":{"line":7,"column":48}},"7":{"start":{"line":8,"column":0},"end":{"line":8,"column":54}},"8":{"start":{"line":9,"column":0},"end":{"line":9,"column":4}},"9":{"start":{"line":10,"column":0},"end":{"line":10,"column":58}},"10":{"start":{"line":11,"column":0},"end":{"line":11,"column":104}},"11":{"start":{"line":12,"column":0},"end":{"line":12,"column":113}},"12":{"start":{"line":13,"column":0},"end":{"line":13,"column":75}},"13":{"start":{"line":14,"column":0},"end":{"line":14,"column":4}},"14":{"start":{"line":15,"column":0},"end":{"line":15,"column":32}},"15":{"start":{"line":16,"column":0},"end":{"line":16,"column":103}},"16":{"start":{"line":17,"column":0},"end":{"line":17,"column":5}},"18":{"start":{"line":19,"column":0},"end":{"line":19,"column":56}},"19":{"start":{"line":20,"column":0},"end":{"line":20,"column":74}},"20":{"start":{"line":21,"column":0},"end":{"line":21,"column":78}},"21":{"start":{"line":22,"column":0},"end":{"line":22,"column":28}},"22":{"start":{"line":23,"column":0},"end":{"line":23,"column":25}},"23":{"start":{"line":24,"column":0},"end":{"line":24,"column":60}},"24":{"start":{"line":25,"column":0},"end":{"line":25,"column":21}},"25":{"start":{"line":26,"column":0},"end":{"line":26,"column":4}},"26":{"start":{"line":27,"column":0},"end":{"line":27,"column":76}},"27":{"start":{"line":28,"column":0},"end":{"line":28,"column":81}},"28":{"start":{"line":29,"column":0},"end":{"line":29,"column":4}},"29":{"start":{"line":30,"column":0},"end":{"line":30,"column":40}},"30":{"start":{"line":31,"column":0},"end":{"line":31,"column":12}},"31":{"start":{"line":32,"column":0},"end":{"line":32,"column":27}},"32":{"start":{"line":33,"column":0},"end":{"line":33,"column":46}},"33":{"start":{"line":34,"column":0},"end":{"line":34,"column":32}},"34":{"start":{"line":35,"column":0},"end":{"line":35,"column":6}},"35":{"start":{"line":36,"column":0},"end":{"line":36,"column":2}},"37":{"start":{"line":38,"column":0},"end":{"line":38,"column":41}},"38":{"start":{"line":39,"column":0},"end":{"line":39,"column":64}},"39":{"start":{"line":40,"column":0},"end":{"line":40,"column":46}},"40":{"start":{"line":41,"column":0},"end":{"line":41,"column":43}},"41":{"start":{"line":42,"column":0},"end":{"line":42,"column":45}},"42":{"start":{"line":43,"column":0},"end":{"line":43,"column":26}},"43":{"start":{"line":44,"column":0},"end":{"line":44,"column":70}},"44":{"start":{"line":45,"column":0},"end":{"line":45,"column":5}},"45":{"start":{"line":46,"column":0},"end":{"line":46,"column":26}},"46":{"start":{"line":47,"column":0},"end":{"line":47,"column":48}},"47":{"start":{"line":48,"column":0},"end":{"line":48,"column":43}},"48":{"start":{"line":49,"column":0},"end":{"line":49,"column":74}},"49":{"start":{"line":50,"column":0},"end":{"line":50,"column":51}},"50":{"start":{"line":51,"column":0},"end":{"line":51,"column":7}},"51":{"start":{"line":52,"column":0},"end":{"line":52,"column":21}},"52":{"start":{"line":53,"column":0},"end":{"line":53,"column":63}},"53":{"start":{"line":54,"column":0},"end":{"line":54,"column":5}},"54":{"start":{"line":55,"column":0},"end":{"line":55,"column":41}},"55":{"start":{"line":56,"column":0},"end":{"line":56,"column":16}},"56":{"start":{"line":57,"column":0},"end":{"line":57,"column":64}},"57":{"start":{"line":58,"column":0},"end":{"line":58,"column":5}},"58":{"start":{"line":59,"column":0},"end":{"line":59,"column":42}},"59":{"start":{"line":60,"column":0},"end":{"line":60,"column":15}},"60":{"start":{"line":61,"column":0},"end":{"line":61,"column":20}},"61":{"start":{"line":62,"column":0},"end":{"line":62,"column":27}},"62":{"start":{"line":63,"column":0},"end":{"line":63,"column":73}},"63":{"start":{"line":64,"column":0},"end":{"line":64,"column":14}},"64":{"start":{"line":65,"column":0},"end":{"line":65,"column":3}},"66":{"start":{"line":67,"column":0},"end":{"line":67,"column":33}},"67":{"start":{"line":68,"column":0},"end":{"line":68,"column":79}},"68":{"start":{"line":69,"column":0},"end":{"line":69,"column":41}},"69":{"start":{"line":70,"column":0},"end":{"line":70,"column":105}},"70":{"start":{"line":71,"column":0},"end":{"line":71,"column":46}},"71":{"start":{"line":72,"column":0},"end":{"line":72,"column":16}},"72":{"start":{"line":73,"column":0},"end":{"line":73,"column":23}},"73":{"start":{"line":74,"column":0},"end":{"line":74,"column":44}},"74":{"start":{"line":75,"column":0},"end":{"line":75,"column":7}},"75":{"start":{"line":76,"column":0},"end":{"line":76,"column":7}},"76":{"start":{"line":77,"column":0},"end":{"line":77,"column":24}},"77":{"start":{"line":78,"column":0},"end":{"line":78,"column":86}},"78":{"start":{"line":79,"column":0},"end":{"line":79,"column":67}},"79":{"start":{"line":80,"column":0},"end":{"line":80,"column":84}},"80":{"start":{"line":81,"column":0},"end":{"line":81,"column":5}},"81":{"start":{"line":82,"column":0},"end":{"line":82,"column":45}},"82":{"start":{"line":83,"column":0},"end":{"line":83,"column":23}},"83":{"start":{"line":84,"column":0},"end":{"line":84,"column":36}},"84":{"start":{"line":85,"column":0},"end":{"line":85,"column":33}},"85":{"start":{"line":86,"column":0},"end":{"line":86,"column":71}},"86":{"start":{"line":87,"column":0},"end":{"line":87,"column":29}},"87":{"start":{"line":88,"column":0},"end":{"line":88,"column":16}},"88":{"start":{"line":89,"column":0},"end":{"line":89,"column":9}},"89":{"start":{"line":90,"column":0},"end":{"line":90,"column":7}},"90":{"start":{"line":91,"column":0},"end":{"line":91,"column":21}},"91":{"start":{"line":92,"column":0},"end":{"line":92,"column":31}},"92":{"start":{"line":93,"column":0},"end":{"line":93,"column":7}},"93":{"start":{"line":94,"column":0},"end":{"line":94,"column":5}},"94":{"start":{"line":95,"column":0},"end":{"line":95,"column":38}},"95":{"start":{"line":96,"column":0},"end":{"line":96,"column":19}},"96":{"start":{"line":97,"column":0},"end":{"line":97,"column":36}},"97":{"start":{"line":98,"column":0},"end":{"line":98,"column":96}},"98":{"start":{"line":99,"column":0},"end":{"line":99,"column":8}},"99":{"start":{"line":100,"column":0},"end":{"line":100,"column":25}},"100":{"start":{"line":101,"column":0},"end":{"line":101,"column":50}},"101":{"start":{"line":102,"column":0},"end":{"line":102,"column":99}},"102":{"start":{"line":103,"column":0},"end":{"line":103,"column":50}},"103":{"start":{"line":104,"column":0},"end":{"line":104,"column":9}},"104":{"start":{"line":105,"column":0},"end":{"line":105,"column":7}},"105":{"start":{"line":106,"column":0},"end":{"line":106,"column":5}},"106":{"start":{"line":107,"column":0},"end":{"line":107,"column":19}},"107":{"start":{"line":108,"column":0},"end":{"line":108,"column":3}},"109":{"start":{"line":110,"column":0},"end":{"line":110,"column":67}},"110":{"start":{"line":111,"column":0},"end":{"line":111,"column":34}},"111":{"start":{"line":112,"column":0},"end":{"line":112,"column":41}},"112":{"start":{"line":113,"column":0},"end":{"line":113,"column":41}},"113":{"start":{"line":114,"column":0},"end":{"line":114,"column":67}},"114":{"start":{"line":115,"column":0},"end":{"line":115,"column":51}},"115":{"start":{"line":116,"column":0},"end":{"line":116,"column":50}},"116":{"start":{"line":117,"column":0},"end":{"line":117,"column":3}}},"s":{"0":1,"1":1,"2":1,"3":1,"5":10,"6":10,"7":10,"8":10,"9":10,"10":10,"11":10,"12":10,"13":10,"14":10,"15":2,"16":2,"18":8,"19":8,"20":8,"21":8,"22":8,"23":8,"24":8,"25":8,"26":8,"27":8,"28":8,"29":8,"30":8,"31":8,"32":8,"33":8,"34":8,"35":8,"37":5,"38":5,"39":5,"40":5,"41":5,"42":5,"43":1,"44":1,"45":4,"46":4,"47":4,"48":4,"49":4,"50":4,"51":5,"52":1,"53":1,"54":3,"55":5,"56":1,"57":1,"58":2,"59":2,"60":2,"61":2,"62":2,"63":2,"64":5,"66":7,"67":7,"68":7,"69":7,"70":7,"71":7,"72":7,"73":7,"74":7,"75":7,"76":7,"77":1,"78":1,"79":1,"80":1,"81":6,"82":6,"83":7,"84":2,"85":3,"86":1,"87":1,"88":1,"89":3,"90":2,"91":1,"92":1,"93":2,"94":6,"95":7,"96":4,"97":4,"98":4,"99":4,"100":3,"101":3,"102":2,"103":2,"104":3,"105":4,"106":6,"107":7,"109":1,"110":10,"111":10,"112":10,"113":10,"114":10,"115":10,"116":10},"branchMap":{"0":{"type":"branch","line":6,"loc":{"start":{"line":6,"column":0},"end":{"line":36,"column":2}},"locations":[{"start":{"line":6,"column":0},"end":{"line":36,"column":2}}]},"1":{"type":"branch","line":11,"loc":{"start":{"line":11,"column":58},"end":{"line":11,"column":90}},"locations":[{"start":{"line":11,"column":58},"end":{"line":11,"column":90}}]},"2":{"type":"branch","line":11,"loc":{"start":{"line":11,"column":91},"end":{"line":11,"column":102}},"locations":[{"start":{"line":11,"column":91},"end":{"line":11,"column":102}}]},"3":{"type":"branch","line":12,"loc":{"start":{"line":12,"column":64},"end":{"line":12,"column":99}},"locations":[{"start":{"line":12,"column":64},"end":{"line":12,"column":99}}]},"4":{"type":"branch","line":12,"loc":{"start":{"line":12,"column":100},"end":{"line":12,"column":111}},"locations":[{"start":{"line":12,"column":100},"end":{"line":12,"column":111}}]},"5":{"type":"branch","line":13,"loc":{"start":{"line":13,"column":61},"end":{"line":13,"column":73}},"locations":[{"start":{"line":13,"column":61},"end":{"line":13,"column":73}}]},"6":{"type":"branch","line":15,"loc":{"start":{"line":15,"column":16},"end":{"line":15,"column":29}},"locations":[{"start":{"line":15,"column":16},"end":{"line":15,"column":29}}]},"7":{"type":"branch","line":15,"loc":{"start":{"line":15,"column":31},"end":{"line":17,"column":5}},"locations":[{"start":{"line":15,"column":31},"end":{"line":17,"column":5}}]},"8":{"type":"branch","line":17,"loc":{"start":{"line":17,"column":4},"end":{"line":36,"column":2}},"locations":[{"start":{"line":17,"column":4},"end":{"line":36,"column":2}}]},"9":{"type":"branch","line":38,"loc":{"start":{"line":38,"column":0},"end":{"line":65,"column":3}},"locations":[{"start":{"line":38,"column":0},"end":{"line":65,"column":3}}]},"10":{"type":"branch","line":43,"loc":{"start":{"line":43,"column":25},"end":{"line":45,"column":5}},"locations":[{"start":{"line":43,"column":25},"end":{"line":45,"column":5}}]},"11":{"type":"branch","line":45,"loc":{"start":{"line":45,"column":4},"end":{"line":52,"column":20}},"locations":[{"start":{"line":45,"column":4},"end":{"line":52,"column":20}}]},"12":{"type":"branch","line":52,"loc":{"start":{"line":52,"column":20},"end":{"line":54,"column":5}},"locations":[{"start":{"line":52,"column":20},"end":{"line":54,"column":5}}]},"13":{"type":"branch","line":54,"loc":{"start":{"line":54,"column":4},"end":{"line":56,"column":15}},"locations":[{"start":{"line":54,"column":4},"end":{"line":56,"column":15}}]},"14":{"type":"branch","line":56,"loc":{"start":{"line":56,"column":15},"end":{"line":58,"column":5}},"locations":[{"start":{"line":56,"column":15},"end":{"line":58,"column":5}}]},"15":{"type":"branch","line":58,"loc":{"start":{"line":58,"column":4},"end":{"line":65,"column":2}},"locations":[{"start":{"line":58,"column":4},"end":{"line":65,"column":2}}]},"16":{"type":"branch","line":67,"loc":{"start":{"line":67,"column":0},"end":{"line":108,"column":3}},"locations":[{"start":{"line":67,"column":0},"end":{"line":108,"column":3}}]},"17":{"type":"branch","line":77,"loc":{"start":{"line":77,"column":23},"end":{"line":81,"column":5}},"locations":[{"start":{"line":77,"column":23},"end":{"line":81,"column":5}}]},"18":{"type":"branch","line":81,"loc":{"start":{"line":81,"column":4},"end":{"line":84,"column":14}},"locations":[{"start":{"line":81,"column":4},"end":{"line":84,"column":14}}]},"19":{"type":"branch","line":84,"loc":{"start":{"line":84,"column":14},"end":{"line":84,"column":33}},"locations":[{"start":{"line":84,"column":14},"end":{"line":84,"column":33}}]},"20":{"type":"branch","line":84,"loc":{"start":{"line":84,"column":35},"end":{"line":94,"column":5}},"locations":[{"start":{"line":84,"column":35},"end":{"line":94,"column":5}}]},"21":{"type":"branch","line":85,"loc":{"start":{"line":85,"column":32},"end":{"line":90,"column":7}},"locations":[{"start":{"line":85,"column":32},"end":{"line":90,"column":7}}]},"22":{"type":"branch","line":86,"loc":{"start":{"line":86,"column":70},"end":{"line":89,"column":9}},"locations":[{"start":{"line":86,"column":70},"end":{"line":89,"column":9}}]},"23":{"type":"branch","line":91,"loc":{"start":{"line":91,"column":20},"end":{"line":93,"column":7}},"locations":[{"start":{"line":91,"column":20},"end":{"line":93,"column":7}}]},"24":{"type":"branch","line":94,"loc":{"start":{"line":94,"column":4},"end":{"line":96,"column":18}},"locations":[{"start":{"line":94,"column":4},"end":{"line":96,"column":18}}]},"25":{"type":"branch","line":96,"loc":{"start":{"line":96,"column":18},"end":{"line":106,"column":5}},"locations":[{"start":{"line":96,"column":18},"end":{"line":106,"column":5}}]},"26":{"type":"branch","line":100,"loc":{"start":{"line":100,"column":24},"end":{"line":105,"column":7}},"locations":[{"start":{"line":100,"column":24},"end":{"line":105,"column":7}}]},"27":{"type":"branch","line":102,"loc":{"start":{"line":102,"column":64},"end":{"line":102,"column":96}},"locations":[{"start":{"line":102,"column":64},"end":{"line":102,"column":96}}]},"28":{"type":"branch","line":102,"loc":{"start":{"line":102,"column":98},"end":{"line":104,"column":9}},"locations":[{"start":{"line":102,"column":98},"end":{"line":104,"column":9}}]},"29":{"type":"branch","line":106,"loc":{"start":{"line":106,"column":4},"end":{"line":108,"column":2}},"locations":[{"start":{"line":106,"column":4},"end":{"line":108,"column":2}}]},"30":{"type":"branch","line":111,"loc":{"start":{"line":111,"column":0},"end":{"line":117,"column":3}},"locations":[{"start":{"line":111,"column":0},"end":{"line":117,"column":3}}]},"31":{"type":"branch","line":116,"loc":{"start":{"line":116,"column":23},"end":{"line":116,"column":26}},"locations":[{"start":{"line":116,"column":23},"end":{"line":116,"column":26}}]},"32":{"type":"branch","line":114,"loc":{"start":{"line":114,"column":42},"end":{"line":114,"column":58}},"locations":[{"start":{"line":114,"column":42},"end":{"line":114,"column":58}}]}},"b":{"0":[10],"1":[9],"2":[1],"3":[9],"4":[1],"5":[3],"6":[9],"7":[2],"8":[8],"9":[5],"10":[1],"11":[4],"12":[1],"13":[3],"14":[1],"15":[2],"16":[7],"17":[1],"18":[6],"19":[5],"20":[2],"21":[3],"22":[1],"23":[1],"24":[6],"25":[4],"26":[3],"27":[2],"28":[2],"29":[6],"30":[10],"31":[0],"32":[18]},"fnMap":{"0":{"name":"getAuthHeaders","decl":{"start":{"line":6,"column":0},"end":{"line":36,"column":2}},"loc":{"start":{"line":6,"column":0},"end":{"line":36,"column":2}},"line":6},"1":{"name":"getTitleSlug","decl":{"start":{"line":38,"column":0},"end":{"line":65,"column":3}},"loc":{"start":{"line":38,"column":0},"end":{"line":65,"column":3}},"line":38},"2":{"name":"getFeedUrl","decl":{"start":{"line":67,"column":0},"end":{"line":108,"column":3}},"loc":{"start":{"line":67,"column":0},"end":{"line":108,"column":3}},"line":67},"3":{"name":"jaccardSimilarity","decl":{"start":{"line":111,"column":0},"end":{"line":117,"column":3}},"loc":{"start":{"line":111,"column":0},"end":{"line":117,"column":3}},"line":111}},"f":{"0":10,"1":5,"2":7,"3":10}}
,"/Users/paulsondhi/listener/packages/server/middleware/auth.js": {"path":"/Users/paulsondhi/listener/packages/server/middleware/auth.js","all":false,"statementMap":{"0":{"start":{"line":1,"column":0},"end":{"line":1,"column":24}},"1":{"start":{"line":2,"column":0},"end":{"line":2,"column":53}},"3":{"start":{"line":4,"column":0},"end":{"line":4,"column":35}},"4":{"start":{"line":5,"column":0},"end":{"line":5,"column":35}},"5":{"start":{"line":6,"column":0},"end":{"line":6,"column":29}},"6":{"start":{"line":7,"column":0},"end":{"line":7,"column":41}},"7":{"start":{"line":8,"column":0},"end":{"line":8,"column":2}},"9":{"start":{"line":10,"column":0},"end":{"line":10,"column":3}},"10":{"start":{"line":11,"column":0},"end":{"line":11,"column":50}},"11":{"start":{"line":12,"column":0},"end":{"line":12,"column":65}},"12":{"start":{"line":13,"column":0},"end":{"line":13,"column":71}},"13":{"start":{"line":14,"column":0},"end":{"line":14,"column":3}},"14":{"start":{"line":15,"column":0},"end":{"line":15,"column":50}},"15":{"start":{"line":16,"column":0},"end":{"line":16,"column":68}},"16":{"start":{"line":17,"column":0},"end":{"line":17,"column":38}},"17":{"start":{"line":18,"column":0},"end":{"line":18,"column":40}},"18":{"start":{"line":19,"column":0},"end":{"line":19,"column":45}},"19":{"start":{"line":20,"column":0},"end":{"line":20,"column":27}},"20":{"start":{"line":21,"column":0},"end":{"line":21,"column":35}},"21":{"start":{"line":22,"column":0},"end":{"line":22,"column":38}},"22":{"start":{"line":23,"column":0},"end":{"line":23,"column":22}},"23":{"start":{"line":24,"column":0},"end":{"line":24,"column":5}},"25":{"start":{"line":26,"column":0},"end":{"line":26,"column":77}},"26":{"start":{"line":27,"column":0},"end":{"line":27,"column":47}},"27":{"start":{"line":28,"column":0},"end":{"line":28,"column":97}},"28":{"start":{"line":29,"column":0},"end":{"line":29,"column":56}},"29":{"start":{"line":30,"column":0},"end":{"line":30,"column":5}},"30":{"start":{"line":31,"column":0},"end":{"line":31,"column":17}},"31":{"start":{"line":32,"column":0},"end":{"line":32,"column":81}},"32":{"start":{"line":33,"column":0},"end":{"line":33,"column":68}},"33":{"start":{"line":34,"column":0},"end":{"line":34,"column":5}},"35":{"start":{"line":36,"column":0},"end":{"line":36,"column":9}},"36":{"start":{"line":37,"column":0},"end":{"line":37,"column":82}},"37":{"start":{"line":38,"column":0},"end":{"line":38,"column":8}},"38":{"start":{"line":39,"column":0},"end":{"line":39,"column":20}},"39":{"start":{"line":40,"column":0},"end":{"line":40,"column":48}},"40":{"start":{"line":41,"column":0},"end":{"line":41,"column":47}},"41":{"start":{"line":42,"column":0},"end":{"line":42,"column":84}},"42":{"start":{"line":43,"column":0},"end":{"line":43,"column":9}},"43":{"start":{"line":44,"column":0},"end":{"line":44,"column":8}},"44":{"start":{"line":45,"column":0},"end":{"line":45,"column":20}},"45":{"start":{"line":46,"column":0},"end":{"line":46,"column":51}},"46":{"start":{"line":47,"column":0},"end":{"line":47,"column":47}},"47":{"start":{"line":48,"column":0},"end":{"line":48,"column":84}},"48":{"start":{"line":49,"column":0},"end":{"line":49,"column":9}},"49":{"start":{"line":50,"column":0},"end":{"line":50,"column":8}},"50":{"start":{"line":51,"column":0},"end":{"line":51,"column":57}},"51":{"start":{"line":52,"column":0},"end":{"line":52,"column":15}},"52":{"start":{"line":53,"column":0},"end":{"line":53,"column":21}},"53":{"start":{"line":54,"column":0},"end":{"line":54,"column":44}},"54":{"start":{"line":55,"column":0},"end":{"line":55,"column":43}},"55":{"start":{"line":56,"column":0},"end":{"line":56,"column":80}},"56":{"start":{"line":57,"column":0},"end":{"line":57,"column":5}},"57":{"start":{"line":58,"column":0},"end":{"line":58,"column":2}},"59":{"start":{"line":60,"column":0},"end":{"line":60,"column":30}}},"s":{"0":1,"1":1,"3":1,"4":1,"5":1,"6":1,"7":1,"9":1,"10":1,"11":1,"12":1,"13":1,"14":1,"15":13,"16":13,"17":13,"18":13,"19":13,"20":13,"21":13,"22":7,"23":7,"25":6,"26":6,"27":13,"28":1,"29":1,"30":13,"31":1,"32":1,"33":1,"35":5,"36":5,"37":4,"38":13,"39":1,"40":1,"41":1,"42":1,"43":3,"44":13,"45":1,"46":1,"47":1,"48":1,"49":2,"50":2,"51":2,"52":13,"53":1,"54":1,"55":1,"56":1,"57":13,"59":1},"branchMap":{"0":{"type":"branch","line":15,"loc":{"start":{"line":15,"column":23},"end":{"line":58,"column":2}},"locations":[{"start":{"line":15,"column":23},"end":{"line":58,"column":2}}]},"1":{"type":"branch","line":17,"loc":{"start":{"line":17,"column":35},"end":{"line":18,"column":36}},"locations":[{"start":{"line":17,"column":35},"end":{"line":18,"column":36}}]},"2":{"type":"branch","line":18,"loc":{"start":{"line":18,"column":37},"end":{"line":19,"column":42}},"locations":[{"start":{"line":18,"column":37},"end":{"line":19,"column":42}}]},"3":{"type":"branch","line":19,"loc":{"start":{"line":19,"column":43},"end":{"line":20,"column":24}},"locations":[{"start":{"line":19,"column":43},"end":{"line":20,"column":24}}]},"4":{"type":"branch","line":20,"loc":{"start":{"line":20,"column":25},"end":{"line":21,"column":32}},"locations":[{"start":{"line":20,"column":25},"end":{"line":21,"column":32}}]},"5":{"type":"branch","line":21,"loc":{"start":{"line":21,"column":33},"end":{"line":22,"column":35}},"locations":[{"start":{"line":21,"column":33},"end":{"line":22,"column":35}}]},"6":{"type":"branch","line":22,"loc":{"start":{"line":22,"column":37},"end":{"line":24,"column":5}},"locations":[{"start":{"line":22,"column":37},"end":{"line":24,"column":5}}]},"7":{"type":"branch","line":24,"loc":{"start":{"line":24,"column":4},"end":{"line":28,"column":15}},"locations":[{"start":{"line":24,"column":4},"end":{"line":28,"column":15}}]},"8":{"type":"branch","line":28,"loc":{"start":{"line":28,"column":15},"end":{"line":28,"column":43}},"locations":[{"start":{"line":28,"column":15},"end":{"line":28,"column":43}}]},"9":{"type":"branch","line":28,"loc":{"start":{"line":28,"column":44},"end":{"line":28,"column":94}},"locations":[{"start":{"line":28,"column":44},"end":{"line":28,"column":94}}]},"10":{"type":"branch","line":28,"loc":{"start":{"line":28,"column":96},"end":{"line":30,"column":5}},"locations":[{"start":{"line":28,"column":96},"end":{"line":30,"column":5}}]},"11":{"type":"branch","line":30,"loc":{"start":{"line":30,"column":4},"end":{"line":31,"column":16}},"locations":[{"start":{"line":30,"column":4},"end":{"line":31,"column":16}}]},"12":{"type":"branch","line":31,"loc":{"start":{"line":31,"column":16},"end":{"line":34,"column":5}},"locations":[{"start":{"line":31,"column":16},"end":{"line":34,"column":5}}]},"13":{"type":"branch","line":34,"loc":{"start":{"line":34,"column":4},"end":{"line":37,"column":82}},"locations":[{"start":{"line":34,"column":4},"end":{"line":37,"column":82}}]},"14":{"type":"branch","line":37,"loc":{"start":{"line":37,"column":81},"end":{"line":39,"column":19}},"locations":[{"start":{"line":37,"column":81},"end":{"line":39,"column":19}}]},"15":{"type":"branch","line":39,"loc":{"start":{"line":39,"column":19},"end":{"line":43,"column":9}},"locations":[{"start":{"line":39,"column":19},"end":{"line":43,"column":9}}]},"16":{"type":"branch","line":43,"loc":{"start":{"line":43,"column":8},"end":{"line":45,"column":19}},"locations":[{"start":{"line":43,"column":8},"end":{"line":45,"column":19}}]},"17":{"type":"branch","line":45,"loc":{"start":{"line":45,"column":19},"end":{"line":49,"column":9}},"locations":[{"start":{"line":45,"column":19},"end":{"line":49,"column":9}}]},"18":{"type":"branch","line":49,"loc":{"start":{"line":49,"column":8},"end":{"line":53,"column":6}},"locations":[{"start":{"line":49,"column":8},"end":{"line":53,"column":6}}]},"19":{"type":"branch","line":53,"loc":{"start":{"line":53,"column":6},"end":{"line":57,"column":5}},"locations":[{"start":{"line":53,"column":6},"end":{"line":57,"column":5}}]}},"b":{"0":[13],"1":[12],"2":[11],"3":[10],"4":[9],"5":[8],"6":[7],"7":[6],"8":[2],"9":[1],"10":[1],"11":[6],"12":[1],"13":[5],"14":[4],"15":[1],"16":[3],"17":[1],"18":[2],"19":[1]},"fnMap":{"0":{"name":"authMiddleware","decl":{"start":{"line":15,"column":23},"end":{"line":58,"column":2}},"loc":{"start":{"line":15,"column":23},"end":{"line":58,"column":2}},"line":15}},"f":{"0":13}}
,"/Users/paulsondhi/listener/packages/server/middleware/error.js": {"path":"/Users/paulsondhi/listener/packages/server/middleware/error.js","all":false,"statementMap":{"0":{"start":{"line":1,"column":0},"end":{"line":1,"column":3}},"1":{"start":{"line":2,"column":0},"end":{"line":2,"column":35}},"2":{"start":{"line":3,"column":0},"end":{"line":3,"column":52}},"3":{"start":{"line":4,"column":0},"end":{"line":4,"column":3}},"4":{"start":{"line":5,"column":0},"end":{"line":5,"column":47}},"5":{"start":{"line":6,"column":0},"end":{"line":6,"column":20}},"6":{"start":{"line":7,"column":0},"end":{"line":7,"column":33}},"8":{"start":{"line":9,"column":0},"end":{"line":9,"column":54}},"9":{"start":{"line":10,"column":0},"end":{"line":10,"column":45}},"11":{"start":{"line":12,"column":0},"end":{"line":12,"column":26}},"12":{"start":{"line":13,"column":0},"end":{"line":13,"column":33}},"13":{"start":{"line":14,"column":0},"end":{"line":14,"column":53}},"14":{"start":{"line":15,"column":0},"end":{"line":15,"column":7}},"15":{"start":{"line":16,"column":0},"end":{"line":16,"column":2}},"17":{"start":{"line":18,"column":0},"end":{"line":18,"column":28}}},"s":{"0":1,"1":1,"2":1,"3":1,"4":1,"5":7,"6":7,"8":7,"9":7,"11":7,"12":7,"13":7,"14":7,"15":7,"17":1},"branchMap":{"0":{"type":"branch","line":5,"loc":{"start":{"line":5,"column":21},"end":{"line":16,"column":2}},"locations":[{"start":{"line":5,"column":21},"end":{"line":16,"column":2}}]},"1":{"type":"branch","line":10,"loc":{"start":{"line":10,"column":38},"end":{"line":10,"column":44}},"locations":[{"start":{"line":10,"column":38},"end":{"line":10,"column":44}}]},"2":{"type":"branch","line":14,"loc":{"start":{"line":14,"column":27},"end":{"line":14,"column":53}},"locations":[{"start":{"line":14,"column":27},"end":{"line":14,"column":53}}]}},"b":{"0":[7],"1":[5],"2":[1]},"fnMap":{"0":{"name":"errorHandler","decl":{"start":{"line":5,"column":21},"end":{"line":16,"column":2}},"loc":{"start":{"line":5,"column":21},"end":{"line":16,"column":2}},"line":5}},"f":{"0":7}}
,"/Users/paulsondhi/listener/packages/server/routes/health.js": {"path":"/Users/paulsondhi/listener/packages/server/routes/health.js","all":false,"statementMap":{"0":{"start":{"line":1,"column":0},"end":{"line":1,"column":30}},"1":{"start":{"line":2,"column":0},"end":{"line":2,"column":32}},"3":{"start":{"line":4,"column":0},"end":{"line":4,"column":51}},"4":{"start":{"line":5,"column":0},"end":{"line":5,"column":73}},"5":{"start":{"line":6,"column":0},"end":{"line":6,"column":31}},"6":{"start":{"line":7,"column":0},"end":{"line":7,"column":78}},"7":{"start":{"line":8,"column":0},"end":{"line":8,"column":3}},"9":{"start":{"line":10,"column":0},"end":{"line":10,"column":22}}},"s":{"0":1,"1":1,"3":1,"4":1,"5":1,"6":1,"7":1,"9":1},"branchMap":{"0":{"type":"branch","line":6,"loc":{"start":{"line":6,"column":16},"end":{"line":8,"column":2}},"locations":[{"start":{"line":6,"column":16},"end":{"line":8,"column":2}}]}},"b":{"0":[1]},"fnMap":{},"f":{}}
,"/Users/paulsondhi/listener/packages/server/routes/index.js": {"path":"/Users/paulsondhi/listener/packages/server/routes/index.js","all":false,"statementMap":{"0":{"start":{"line":1,"column":0},"end":{"line":1,"column":30}},"1":{"start":{"line":2,"column":0},"end":{"line":2,"column":32}},"3":{"start":{"line":4,"column":0},"end":{"line":4,"column":27}},"4":{"start":{"line":5,"column":0},"end":{"line":5,"column":47}},"5":{"start":{"line":6,"column":0},"end":{"line":6,"column":53}},"6":{"start":{"line":7,"column":0},"end":{"line":7,"column":45}},"7":{"start":{"line":8,"column":0},"end":{"line":8,"column":39}},"9":{"start":{"line":10,"column":0},"end":{"line":10,"column":15}},"10":{"start":{"line":11,"column":0},"end":{"line":11,"column":44}},"11":{"start":{"line":12,"column":0},"end":{"line":12,"column":57}},"12":{"start":{"line":13,"column":0},"end":{"line":13,"column":51}},"13":{"start":{"line":14,"column":0},"end":{"line":14,"column":37}},"15":{"start":{"line":16,"column":0},"end":{"line":16,"column":22}}},"s":{"0":1,"1":1,"3":1,"4":1,"5":1,"6":1,"7":1,"9":1,"10":1,"11":1,"12":1,"13":1,"15":1},"branchMap":{},"b":{},"fnMap":{},"f":{}}
,"/Users/paulsondhi/listener/packages/server/routes/spotifyTokens.js": {"path":"/Users/paulsondhi/listener/packages/server/routes/spotifyTokens.js","all":false,"statementMap":{"0":{"start":{"line":1,"column":0},"end":{"line":1,"column":30}},"1":{"start":{"line":2,"column":0},"end":{"line":2,"column":53}},"3":{"start":{"line":4,"column":0},"end":{"line":4,"column":32}},"5":{"start":{"line":6,"column":0},"end":{"line":6,"column":42}},"6":{"start":{"line":7,"column":0},"end":{"line":7,"column":25}},"8":{"start":{"line":9,"column":0},"end":{"line":9,"column":29}},"9":{"start":{"line":10,"column":0},"end":{"line":10,"column":25}},"10":{"start":{"line":11,"column":0},"end":{"line":11,"column":37}},"11":{"start":{"line":12,"column":0},"end":{"line":12,"column":37}},"12":{"start":{"line":13,"column":0},"end":{"line":13,"column":49}},"13":{"start":{"line":14,"column":0},"end":{"line":14,"column":10}},"14":{"start":{"line":15,"column":0},"end":{"line":15,"column":5}},"15":{"start":{"line":16,"column":0},"end":{"line":16,"column":25}},"16":{"start":{"line":17,"column":0},"end":{"line":17,"column":1}},"18":{"start":{"line":19,"column":0},"end":{"line":19,"column":3}},"19":{"start":{"line":20,"column":0},"end":{"line":20,"column":32}},"20":{"start":{"line":21,"column":0},"end":{"line":21,"column":33}},"21":{"start":{"line":22,"column":0},"end":{"line":22,"column":52}},"22":{"start":{"line":23,"column":0},"end":{"line":23,"column":3}},"23":{"start":{"line":24,"column":0},"end":{"line":24,"column":38}},"24":{"start":{"line":25,"column":0},"end":{"line":25,"column":77}},"25":{"start":{"line":26,"column":0},"end":{"line":26,"column":47}},"26":{"start":{"line":27,"column":0},"end":{"line":27,"column":97}},"27":{"start":{"line":28,"column":0},"end":{"line":28,"column":56}},"28":{"start":{"line":29,"column":0},"end":{"line":29,"column":5}},"29":{"start":{"line":30,"column":0},"end":{"line":30,"column":17}},"30":{"start":{"line":31,"column":0},"end":{"line":31,"column":81}},"31":{"start":{"line":32,"column":0},"end":{"line":32,"column":68}},"32":{"start":{"line":33,"column":0},"end":{"line":33,"column":5}},"34":{"start":{"line":35,"column":0},"end":{"line":35,"column":9}},"35":{"start":{"line":36,"column":0},"end":{"line":36,"column":37}},"36":{"start":{"line":37,"column":0},"end":{"line":37,"column":87}},"37":{"start":{"line":38,"column":0},"end":{"line":38,"column":29}},"38":{"start":{"line":39,"column":0},"end":{"line":39,"column":64}},"39":{"start":{"line":40,"column":0},"end":{"line":40,"column":81}},"40":{"start":{"line":41,"column":0},"end":{"line":41,"column":9}},"42":{"start":{"line":43,"column":0},"end":{"line":43,"column":41}},"43":{"start":{"line":44,"column":0},"end":{"line":44,"column":69}},"44":{"start":{"line":45,"column":0},"end":{"line":45,"column":61}},"45":{"start":{"line":46,"column":0},"end":{"line":46,"column":71}},"46":{"start":{"line":47,"column":0},"end":{"line":47,"column":75}},"47":{"start":{"line":48,"column":0},"end":{"line":48,"column":9}},"49":{"start":{"line":50,"column":0},"end":{"line":50,"column":70}},"50":{"start":{"line":51,"column":0},"end":{"line":51,"column":68}},"51":{"start":{"line":52,"column":0},"end":{"line":52,"column":71}},"52":{"start":{"line":53,"column":0},"end":{"line":53,"column":69}},"53":{"start":{"line":54,"column":0},"end":{"line":54,"column":26}},"54":{"start":{"line":55,"column":0},"end":{"line":55,"column":21}},"55":{"start":{"line":56,"column":0},"end":{"line":56,"column":28}},"56":{"start":{"line":57,"column":0},"end":{"line":57,"column":34}},"57":{"start":{"line":58,"column":0},"end":{"line":58,"column":51}},"58":{"start":{"line":59,"column":0},"end":{"line":59,"column":53}},"59":{"start":{"line":60,"column":0},"end":{"line":60,"column":55}},"60":{"start":{"line":61,"column":0},"end":{"line":61,"column":52}},"61":{"start":{"line":62,"column":0},"end":{"line":62,"column":16}},"62":{"start":{"line":63,"column":0},"end":{"line":63,"column":32}},"63":{"start":{"line":64,"column":0},"end":{"line":64,"column":14}},"64":{"start":{"line":65,"column":0},"end":{"line":65,"column":22}},"66":{"start":{"line":67,"column":0},"end":{"line":67,"column":26}},"67":{"start":{"line":68,"column":0},"end":{"line":68,"column":71}},"68":{"start":{"line":69,"column":0},"end":{"line":69,"column":82}},"69":{"start":{"line":70,"column":0},"end":{"line":70,"column":9}},"71":{"start":{"line":72,"column":0},"end":{"line":72,"column":80}},"72":{"start":{"line":73,"column":0},"end":{"line":73,"column":18}},"73":{"start":{"line":74,"column":0},"end":{"line":74,"column":55}},"74":{"start":{"line":75,"column":0},"end":{"line":75,"column":19}},"75":{"start":{"line":76,"column":0},"end":{"line":76,"column":77}},"76":{"start":{"line":77,"column":0},"end":{"line":77,"column":72}},"77":{"start":{"line":78,"column":0},"end":{"line":78,"column":5}},"78":{"start":{"line":79,"column":0},"end":{"line":79,"column":3}},"80":{"start":{"line":81,"column":0},"end":{"line":81,"column":22}}},"s":{"0":1,"1":1,"3":1,"5":1,"6":1,"8":11,"9":11,"10":1,"11":1,"12":1,"13":1,"14":1,"15":11,"16":11,"18":1,"19":1,"20":1,"21":1,"22":1,"23":1,"24":8,"25":8,"26":8,"27":1,"28":1,"29":8,"30":1,"31":1,"32":1,"34":7,"35":7,"36":7,"37":8,"38":1,"39":1,"40":1,"42":5,"43":5,"44":8,"45":1,"46":1,"47":1,"49":4,"50":4,"51":4,"52":4,"53":4,"54":4,"55":4,"56":4,"57":4,"58":4,"59":4,"60":4,"61":4,"62":4,"63":4,"64":4,"66":8,"67":1,"68":1,"69":1,"71":2,"72":2,"73":2,"74":2,"75":2,"76":2,"77":2,"78":1,"80":1},"branchMap":{"0":{"type":"branch","line":9,"loc":{"start":{"line":9,"column":0},"end":{"line":17,"column":1}},"locations":[{"start":{"line":9,"column":0},"end":{"line":17,"column":1}}]},"1":{"type":"branch","line":10,"loc":{"start":{"line":10,"column":24},"end":{"line":15,"column":5}},"locations":[{"start":{"line":10,"column":24},"end":{"line":15,"column":5}}]},"2":{"type":"branch","line":24,"loc":{"start":{"line":24,"column":17},"end":{"line":79,"column":2}},"locations":[{"start":{"line":24,"column":17},"end":{"line":79,"column":2}}]},"3":{"type":"branch","line":27,"loc":{"start":{"line":27,"column":15},"end":{"line":27,"column":43}},"locations":[{"start":{"line":27,"column":15},"end":{"line":27,"column":43}}]},"4":{"type":"branch","line":27,"loc":{"start":{"line":27,"column":44},"end":{"line":27,"column":94}},"locations":[{"start":{"line":27,"column":44},"end":{"line":27,"column":94}}]},"5":{"type":"branch","line":27,"loc":{"start":{"line":27,"column":96},"end":{"line":29,"column":5}},"locations":[{"start":{"line":27,"column":96},"end":{"line":29,"column":5}}]},"6":{"type":"branch","line":30,"loc":{"start":{"line":30,"column":16},"end":{"line":33,"column":5}},"locations":[{"start":{"line":30,"column":16},"end":{"line":33,"column":5}}]},"7":{"type":"branch","line":33,"loc":{"start":{"line":33,"column":4},"end":{"line":37,"column":87}},"locations":[{"start":{"line":33,"column":4},"end":{"line":37,"column":87}}]},"8":{"type":"branch","line":37,"loc":{"start":{"line":37,"column":86},"end":{"line":38,"column":18}},"locations":[{"start":{"line":37,"column":86},"end":{"line":38,"column":18}}]},"9":{"type":"branch","line":38,"loc":{"start":{"line":38,"column":18},"end":{"line":38,"column":26}},"locations":[{"start":{"line":38,"column":18},"end":{"line":38,"column":26}}]},"10":{"type":"branch","line":38,"loc":{"start":{"line":38,"column":28},"end":{"line":41,"column":9}},"locations":[{"start":{"line":38,"column":28},"end":{"line":41,"column":9}}]},"11":{"type":"branch","line":41,"loc":{"start":{"line":41,"column":8},"end":{"line":45,"column":43}},"locations":[{"start":{"line":41,"column":8},"end":{"line":45,"column":43}}]},"12":{"type":"branch","line":45,"loc":{"start":{"line":45,"column":44},"end":{"line":45,"column":58}},"locations":[{"start":{"line":45,"column":44},"end":{"line":45,"column":58}}]},"13":{"type":"branch","line":45,"loc":{"start":{"line":45,"column":60},"end":{"line":48,"column":9}},"locations":[{"start":{"line":45,"column":60},"end":{"line":48,"column":9}}]},"14":{"type":"branch","line":48,"loc":{"start":{"line":48,"column":8},"end":{"line":65,"column":22}},"locations":[{"start":{"line":48,"column":8},"end":{"line":65,"column":22}}]},"15":{"type":"branch","line":65,"loc":{"start":{"line":65,"column":21},"end":{"line":67,"column":25}},"locations":[{"start":{"line":65,"column":21},"end":{"line":67,"column":25}}]},"16":{"type":"branch","line":67,"loc":{"start":{"line":67,"column":25},"end":{"line":70,"column":9}},"locations":[{"start":{"line":67,"column":25},"end":{"line":70,"column":9}}]},"17":{"type":"branch","line":70,"loc":{"start":{"line":70,"column":8},"end":{"line":78,"column":5}},"locations":[{"start":{"line":70,"column":8},"end":{"line":78,"column":5}}]}},"b":{"0":[11],"1":[1],"2":[8],"3":[2],"4":[1],"5":[1],"6":[1],"7":[7],"8":[6],"9":[5],"10":[1],"11":[5],"12":[4],"13":[1],"14":[4],"15":[3],"16":[1],"17":[2]},"fnMap":{"0":{"name":"getSupabaseAdmin","decl":{"start":{"line":9,"column":0},"end":{"line":17,"column":1}},"loc":{"start":{"line":9,"column":0},"end":{"line":17,"column":1}},"line":9}},"f":{"0":11}}
,"/Users/paulsondhi/listener/packages/server/routes/syncShows.js": {"path":"/Users/paulsondhi/listener/packages/server/routes/syncShows.js","all":false,"statementMap":{"0":{"start":{"line":1,"column":0},"end":{"line":1,"column":30}},"1":{"start":{"line":2,"column":0},"end":{"line":2,"column":53}},"3":{"start":{"line":4,"column":0},"end":{"line":4,"column":32}},"5":{"start":{"line":6,"column":0},"end":{"line":6,"column":42}},"6":{"start":{"line":7,"column":0},"end":{"line":7,"column":25}},"8":{"start":{"line":9,"column":0},"end":{"line":9,"column":29}},"9":{"start":{"line":10,"column":0},"end":{"line":10,"column":25}},"10":{"start":{"line":11,"column":0},"end":{"line":11,"column":37}},"11":{"start":{"line":12,"column":0},"end":{"line":12,"column":37}},"12":{"start":{"line":13,"column":0},"end":{"line":13,"column":49}},"13":{"start":{"line":14,"column":0},"end":{"line":14,"column":10}},"14":{"start":{"line":15,"column":0},"end":{"line":15,"column":5}},"15":{"start":{"line":16,"column":0},"end":{"line":16,"column":25}},"16":{"start":{"line":17,"column":0},"end":{"line":17,"column":1}},"18":{"start":{"line":19,"column":0},"end":{"line":19,"column":3}},"19":{"start":{"line":20,"column":0},"end":{"line":20,"column":30}},"20":{"start":{"line":21,"column":0},"end":{"line":21,"column":31}},"21":{"start":{"line":22,"column":0},"end":{"line":22,"column":63}},"22":{"start":{"line":23,"column":0},"end":{"line":23,"column":3}},"23":{"start":{"line":24,"column":0},"end":{"line":24,"column":38}},"24":{"start":{"line":25,"column":0},"end":{"line":25,"column":33}},"25":{"start":{"line":26,"column":0},"end":{"line":26,"column":47}},"26":{"start":{"line":27,"column":0},"end":{"line":27,"column":97}},"27":{"start":{"line":28,"column":0},"end":{"line":28,"column":56}},"28":{"start":{"line":29,"column":0},"end":{"line":29,"column":5}},"29":{"start":{"line":30,"column":0},"end":{"line":30,"column":17}},"30":{"start":{"line":31,"column":0},"end":{"line":31,"column":81}},"31":{"start":{"line":32,"column":0},"end":{"line":32,"column":68}},"32":{"start":{"line":33,"column":0},"end":{"line":33,"column":5}},"34":{"start":{"line":35,"column":0},"end":{"line":35,"column":9}},"35":{"start":{"line":36,"column":0},"end":{"line":36,"column":87}},"36":{"start":{"line":37,"column":0},"end":{"line":37,"column":29}},"37":{"start":{"line":38,"column":0},"end":{"line":38,"column":64}},"38":{"start":{"line":39,"column":0},"end":{"line":39,"column":81}},"39":{"start":{"line":40,"column":0},"end":{"line":40,"column":9}},"40":{"start":{"line":41,"column":0},"end":{"line":41,"column":31}},"42":{"start":{"line":43,"column":0},"end":{"line":43,"column":66}},"43":{"start":{"line":44,"column":0},"end":{"line":44,"column":79}},"44":{"start":{"line":45,"column":0},"end":{"line":45,"column":26}},"45":{"start":{"line":46,"column":0},"end":{"line":46,"column":92}},"46":{"start":{"line":47,"column":0},"end":{"line":47,"column":29}},"47":{"start":{"line":48,"column":0},"end":{"line":48,"column":22}},"48":{"start":{"line":49,"column":0},"end":{"line":49,"column":39}},"49":{"start":{"line":50,"column":0},"end":{"line":50,"column":83}},"50":{"start":{"line":51,"column":0},"end":{"line":51,"column":93}},"51":{"start":{"line":52,"column":0},"end":{"line":52,"column":9}},"52":{"start":{"line":53,"column":0},"end":{"line":53,"column":64}},"53":{"start":{"line":54,"column":0},"end":{"line":54,"column":34}},"54":{"start":{"line":55,"column":0},"end":{"line":55,"column":68}},"55":{"start":{"line":56,"column":0},"end":{"line":56,"column":93}},"56":{"start":{"line":57,"column":0},"end":{"line":57,"column":9}},"58":{"start":{"line":59,"column":0},"end":{"line":59,"column":82}},"59":{"start":{"line":60,"column":0},"end":{"line":60,"column":13}},"60":{"start":{"line":61,"column":0},"end":{"line":61,"column":88}},"61":{"start":{"line":62,"column":0},"end":{"line":62,"column":27}},"62":{"start":{"line":63,"column":0},"end":{"line":63,"column":73}},"63":{"start":{"line":64,"column":0},"end":{"line":64,"column":28}},"64":{"start":{"line":65,"column":0},"end":{"line":65,"column":33}},"65":{"start":{"line":66,"column":0},"end":{"line":66,"column":29}},"66":{"start":{"line":67,"column":0},"end":{"line":67,"column":21}},"67":{"start":{"line":68,"column":0},"end":{"line":68,"column":59}},"68":{"start":{"line":69,"column":0},"end":{"line":69,"column":84}},"69":{"start":{"line":70,"column":0},"end":{"line":70,"column":23}},"70":{"start":{"line":71,"column":0},"end":{"line":71,"column":39}},"71":{"start":{"line":72,"column":0},"end":{"line":72,"column":104}},"72":{"start":{"line":73,"column":0},"end":{"line":73,"column":21}},"73":{"start":{"line":74,"column":0},"end":{"line":74,"column":55}},"74":{"start":{"line":75,"column":0},"end":{"line":75,"column":52}},"75":{"start":{"line":76,"column":0},"end":{"line":76,"column":57}},"76":{"start":{"line":77,"column":0},"end":{"line":77,"column":21}},"77":{"start":{"line":78,"column":0},"end":{"line":78,"column":40}},"78":{"start":{"line":79,"column":0},"end":{"line":79,"column":31}},"79":{"start":{"line":80,"column":0},"end":{"line":80,"column":47}},"80":{"start":{"line":81,"column":0},"end":{"line":81,"column":34}},"81":{"start":{"line":82,"column":0},"end":{"line":82,"column":120}},"82":{"start":{"line":83,"column":0},"end":{"line":83,"column":100}},"83":{"start":{"line":84,"column":0},"end":{"line":84,"column":33}},"84":{"start":{"line":85,"column":0},"end":{"line":85,"column":28}},"85":{"start":{"line":86,"column":0},"end":{"line":86,"column":96}},"86":{"start":{"line":87,"column":0},"end":{"line":87,"column":101}},"87":{"start":{"line":88,"column":0},"end":{"line":88,"column":21}},"88":{"start":{"line":89,"column":0},"end":{"line":89,"column":17}},"89":{"start":{"line":90,"column":0},"end":{"line":90,"column":13}},"91":{"start":{"line":92,"column":0},"end":{"line":92,"column":58}},"92":{"start":{"line":93,"column":0},"end":{"line":93,"column":49}},"93":{"start":{"line":94,"column":0},"end":{"line":94,"column":35}},"94":{"start":{"line":95,"column":0},"end":{"line":95,"column":42}},"95":{"start":{"line":96,"column":0},"end":{"line":96,"column":42}},"96":{"start":{"line":97,"column":0},"end":{"line":97,"column":78}},"97":{"start":{"line":98,"column":0},"end":{"line":98,"column":45}},"98":{"start":{"line":99,"column":0},"end":{"line":99,"column":71}},"99":{"start":{"line":100,"column":0},"end":{"line":100,"column":50}},"100":{"start":{"line":101,"column":0},"end":{"line":101,"column":29}},"101":{"start":{"line":102,"column":0},"end":{"line":102,"column":25}},"102":{"start":{"line":103,"column":0},"end":{"line":103,"column":44}},"103":{"start":{"line":104,"column":0},"end":{"line":104,"column":52}},"104":{"start":{"line":105,"column":0},"end":{"line":105,"column":45}},"105":{"start":{"line":106,"column":0},"end":{"line":106,"column":43}},"106":{"start":{"line":107,"column":0},"end":{"line":107,"column":25}},"107":{"start":{"line":108,"column":0},"end":{"line":108,"column":67}},"108":{"start":{"line":109,"column":0},"end":{"line":109,"column":34}},"109":{"start":{"line":110,"column":0},"end":{"line":110,"column":88}},"110":{"start":{"line":111,"column":0},"end":{"line":111,"column":108}},"111":{"start":{"line":112,"column":0},"end":{"line":112,"column":17}},"112":{"start":{"line":113,"column":0},"end":{"line":113,"column":13}},"114":{"start":{"line":115,"column":0},"end":{"line":115,"column":64}},"115":{"start":{"line":116,"column":0},"end":{"line":116,"column":83}},"116":{"start":{"line":117,"column":0},"end":{"line":117,"column":46}},"117":{"start":{"line":118,"column":0},"end":{"line":118,"column":41}},"118":{"start":{"line":119,"column":0},"end":{"line":119,"column":39}},"119":{"start":{"line":120,"column":0},"end":{"line":120,"column":31}},"120":{"start":{"line":121,"column":0},"end":{"line":121,"column":77}},"121":{"start":{"line":122,"column":0},"end":{"line":122,"column":61}},"122":{"start":{"line":123,"column":0},"end":{"line":123,"column":107}},"123":{"start":{"line":124,"column":0},"end":{"line":124,"column":13}},"124":{"start":{"line":125,"column":0},"end":{"line":125,"column":103}},"125":{"start":{"line":126,"column":0},"end":{"line":126,"column":64}},"126":{"start":{"line":127,"column":0},"end":{"line":127,"column":73}},"128":{"start":{"line":129,"column":0},"end":{"line":129,"column":34}},"129":{"start":{"line":130,"column":0},"end":{"line":130,"column":41}},"130":{"start":{"line":131,"column":0},"end":{"line":131,"column":79}},"131":{"start":{"line":132,"column":0},"end":{"line":132,"column":50}},"132":{"start":{"line":133,"column":0},"end":{"line":133,"column":68}},"133":{"start":{"line":134,"column":0},"end":{"line":134,"column":43}},"134":{"start":{"line":135,"column":0},"end":{"line":135,"column":42}},"135":{"start":{"line":136,"column":0},"end":{"line":136,"column":99}},"136":{"start":{"line":137,"column":0},"end":{"line":137,"column":97}},"137":{"start":{"line":138,"column":0},"end":{"line":138,"column":17}},"138":{"start":{"line":139,"column":0},"end":{"line":139,"column":51}},"139":{"start":{"line":140,"column":0},"end":{"line":140,"column":13}},"141":{"start":{"line":142,"column":0},"end":{"line":142,"column":46}},"142":{"start":{"line":143,"column":0},"end":{"line":143,"column":41}},"143":{"start":{"line":144,"column":0},"end":{"line":144,"column":30}},"144":{"start":{"line":145,"column":0},"end":{"line":145,"column":49}},"145":{"start":{"line":146,"column":0},"end":{"line":146,"column":50}},"146":{"start":{"line":147,"column":0},"end":{"line":147,"column":15}},"148":{"start":{"line":149,"column":0},"end":{"line":149,"column":36}},"149":{"start":{"line":150,"column":0},"end":{"line":150,"column":63}},"150":{"start":{"line":151,"column":0},"end":{"line":151,"column":73}},"151":{"start":{"line":152,"column":0},"end":{"line":152,"column":51}},"152":{"start":{"line":153,"column":0},"end":{"line":153,"column":123}},"153":{"start":{"line":154,"column":0},"end":{"line":154,"column":88}},"154":{"start":{"line":155,"column":0},"end":{"line":155,"column":107}},"155":{"start":{"line":156,"column":0},"end":{"line":156,"column":65}},"156":{"start":{"line":157,"column":0},"end":{"line":157,"column":9}},"157":{"start":{"line":158,"column":0},"end":{"line":158,"column":19}},"158":{"start":{"line":159,"column":0},"end":{"line":159,"column":112}},"159":{"start":{"line":160,"column":0},"end":{"line":160,"column":94}},"160":{"start":{"line":161,"column":0},"end":{"line":161,"column":72}},"161":{"start":{"line":162,"column":0},"end":{"line":162,"column":5}},"162":{"start":{"line":163,"column":0},"end":{"line":163,"column":3}},"164":{"start":{"line":165,"column":0},"end":{"line":165,"column":22}}},"s":{"0":1,"1":1,"3":1,"5":1,"6":1,"8":44,"9":44,"10":1,"11":1,"12":1,"13":1,"14":1,"15":44,"16":44,"18":1,"19":1,"20":1,"21":1,"22":1,"23":1,"24":13,"25":13,"26":13,"27":0,"28":0,"29":13,"30":1,"31":1,"32":1,"34":12,"35":12,"36":13,"37":1,"38":1,"39":1,"40":10,"42":10,"43":10,"44":10,"45":10,"46":10,"47":10,"48":13,"49":1,"50":1,"51":1,"52":8,"53":13,"54":1,"55":1,"56":1,"58":7,"59":7,"60":7,"61":7,"62":7,"63":7,"64":7,"65":13,"66":16,"67":16,"68":16,"69":16,"70":16,"71":4,"72":4,"73":12,"74":12,"75":12,"76":12,"77":12,"78":16,"79":4,"80":3,"81":3,"82":3,"83":3,"84":4,"85":1,"86":1,"87":1,"88":4,"89":16,"91":6,"92":6,"93":6,"94":13,"95":15,"96":15,"97":15,"98":15,"99":15,"100":15,"101":15,"102":15,"103":15,"104":15,"105":15,"106":15,"107":15,"108":15,"109":1,"110":1,"111":1,"112":15,"114":5,"115":5,"116":5,"117":5,"118":5,"119":13,"120":1,"121":1,"122":1,"123":1,"124":13,"125":13,"126":13,"128":13,"129":13,"130":2,"131":2,"132":2,"133":2,"134":2,"135":1,"136":1,"137":1,"138":1,"139":1,"141":3,"142":3,"143":3,"144":3,"145":13,"146":13,"148":13,"149":3,"150":3,"151":3,"152":3,"153":3,"154":3,"155":3,"156":3,"157":13,"158":2,"159":2,"160":2,"161":2,"162":1,"164":1},"branchMap":{"0":{"type":"branch","line":9,"loc":{"start":{"line":9,"column":0},"end":{"line":17,"column":1}},"locations":[{"start":{"line":9,"column":0},"end":{"line":17,"column":1}}]},"1":{"type":"branch","line":10,"loc":{"start":{"line":10,"column":24},"end":{"line":15,"column":5}},"locations":[{"start":{"line":10,"column":24},"end":{"line":15,"column":5}}]},"2":{"type":"branch","line":24,"loc":{"start":{"line":24,"column":17},"end":{"line":163,"column":2}},"locations":[{"start":{"line":24,"column":17},"end":{"line":163,"column":2}}]},"3":{"type":"branch","line":27,"loc":{"start":{"line":27,"column":15},"end":{"line":27,"column":43}},"locations":[{"start":{"line":27,"column":15},"end":{"line":27,"column":43}}]},"4":{"type":"branch","line":27,"loc":{"start":{"line":27,"column":44},"end":{"line":27,"column":94}},"locations":[{"start":{"line":27,"column":44},"end":{"line":27,"column":94}}]},"5":{"type":"branch","line":27,"loc":{"start":{"line":27,"column":96},"end":{"line":29,"column":5}},"locations":[{"start":{"line":27,"column":96},"end":{"line":29,"column":5}}]},"6":{"type":"branch","line":30,"loc":{"start":{"line":30,"column":16},"end":{"line":33,"column":5}},"locations":[{"start":{"line":30,"column":16},"end":{"line":33,"column":5}}]},"7":{"type":"branch","line":33,"loc":{"start":{"line":33,"column":4},"end":{"line":36,"column":87}},"locations":[{"start":{"line":33,"column":4},"end":{"line":36,"column":87}}]},"8":{"type":"branch","line":36,"loc":{"start":{"line":36,"column":86},"end":{"line":37,"column":18}},"locations":[{"start":{"line":36,"column":86},"end":{"line":37,"column":18}}]},"9":{"type":"branch","line":37,"loc":{"start":{"line":37,"column":18},"end":{"line":37,"column":26}},"locations":[{"start":{"line":37,"column":18},"end":{"line":37,"column":26}}]},"10":{"type":"branch","line":37,"loc":{"start":{"line":37,"column":28},"end":{"line":40,"column":9}},"locations":[{"start":{"line":37,"column":28},"end":{"line":40,"column":9}}]},"11":{"type":"branch","line":40,"loc":{"start":{"line":40,"column":8},"end":{"line":48,"column":22}},"locations":[{"start":{"line":40,"column":8},"end":{"line":48,"column":22}}]},"12":{"type":"branch","line":48,"loc":{"start":{"line":48,"column":21},"end":{"line":49,"column":36}},"locations":[{"start":{"line":48,"column":21},"end":{"line":49,"column":36}}]},"13":{"type":"branch","line":49,"loc":{"start":{"line":49,"column":38},"end":{"line":52,"column":9}},"locations":[{"start":{"line":49,"column":38},"end":{"line":52,"column":9}}]},"14":{"type":"branch","line":52,"loc":{"start":{"line":52,"column":8},"end":{"line":54,"column":33}},"locations":[{"start":{"line":52,"column":8},"end":{"line":54,"column":33}}]},"15":{"type":"branch","line":54,"loc":{"start":{"line":54,"column":33},"end":{"line":57,"column":9}},"locations":[{"start":{"line":54,"column":33},"end":{"line":57,"column":9}}]},"16":{"type":"branch","line":57,"loc":{"start":{"line":57,"column":8},"end":{"line":66,"column":28}},"locations":[{"start":{"line":57,"column":8},"end":{"line":66,"column":28}}]},"17":{"type":"branch","line":66,"loc":{"start":{"line":66,"column":28},"end":{"line":90,"column":13}},"locations":[{"start":{"line":66,"column":28},"end":{"line":90,"column":13}}]},"18":{"type":"branch","line":71,"loc":{"start":{"line":71,"column":38},"end":{"line":73,"column":21}},"locations":[{"start":{"line":71,"column":38},"end":{"line":73,"column":21}}]},"19":{"type":"branch","line":73,"loc":{"start":{"line":73,"column":20},"end":{"line":79,"column":18}},"locations":[{"start":{"line":73,"column":20},"end":{"line":79,"column":18}}]},"20":{"type":"branch","line":79,"loc":{"start":{"line":79,"column":18},"end":{"line":89,"column":17}},"locations":[{"start":{"line":79,"column":18},"end":{"line":89,"column":17}}]},"21":{"type":"branch","line":80,"loc":{"start":{"line":80,"column":46},"end":{"line":85,"column":21}},"locations":[{"start":{"line":80,"column":46},"end":{"line":85,"column":21}}]},"22":{"type":"branch","line":85,"loc":{"start":{"line":85,"column":21},"end":{"line":88,"column":21}},"locations":[{"start":{"line":85,"column":21},"end":{"line":88,"column":21}}]},"23":{"type":"branch","line":90,"loc":{"start":{"line":90,"column":12},"end":{"line":95,"column":41}},"locations":[{"start":{"line":90,"column":12},"end":{"line":95,"column":41}}]},"24":{"type":"branch","line":95,"loc":{"start":{"line":95,"column":41},"end":{"line":113,"column":13}},"locations":[{"start":{"line":95,"column":41},"end":{"line":113,"column":13}}]},"25":{"type":"branch","line":109,"loc":{"start":{"line":109,"column":33},"end":{"line":112,"column":17}},"locations":[{"start":{"line":109,"column":33},"end":{"line":112,"column":17}}]},"26":{"type":"branch","line":113,"loc":{"start":{"line":113,"column":12},"end":{"line":120,"column":30}},"locations":[{"start":{"line":113,"column":12},"end":{"line":120,"column":30}}]},"27":{"type":"branch","line":120,"loc":{"start":{"line":120,"column":30},"end":{"line":124,"column":13}},"locations":[{"start":{"line":120,"column":30},"end":{"line":124,"column":13}}]},"28":{"type":"branch","line":124,"loc":{"start":{"line":124,"column":12},"end":{"line":125,"column":46}},"locations":[{"start":{"line":124,"column":12},"end":{"line":125,"column":46}}]},"29":{"type":"branch","line":125,"loc":{"start":{"line":125,"column":46},"end":{"line":125,"column":51}},"locations":[{"start":{"line":125,"column":46},"end":{"line":125,"column":51}}]},"30":{"type":"branch","line":130,"loc":{"start":{"line":130,"column":40},"end":{"line":140,"column":13}},"locations":[{"start":{"line":130,"column":40},"end":{"line":140,"column":13}}]},"31":{"type":"branch","line":135,"loc":{"start":{"line":135,"column":41},"end":{"line":140,"column":13}},"locations":[{"start":{"line":135,"column":41},"end":{"line":140,"column":13}}]},"32":{"type":"branch","line":140,"loc":{"start":{"line":140,"column":12},"end":{"line":146,"column":46}},"locations":[{"start":{"line":140,"column":12},"end":{"line":146,"column":46}}]},"33":{"type":"branch","line":146,"loc":{"start":{"line":146,"column":46},"end":{"line":146,"column":50}},"locations":[{"start":{"line":146,"column":46},"end":{"line":146,"column":50}}]},"34":{"type":"branch","line":149,"loc":{"start":{"line":149,"column":10},"end":{"line":157,"column":9}},"locations":[{"start":{"line":149,"column":10},"end":{"line":157,"column":9}}]},"35":{"type":"branch","line":155,"loc":{"start":{"line":155,"column":58},"end":{"line":155,"column":106}},"locations":[{"start":{"line":155,"column":58},"end":{"line":155,"column":106}}]},"36":{"type":"branch","line":158,"loc":{"start":{"line":158,"column":6},"end":{"line":162,"column":5}},"locations":[{"start":{"line":158,"column":6},"end":{"line":162,"column":5}}]},"37":{"type":"branch","line":83,"loc":{"start":{"line":83,"column":42},"end":{"line":83,"column":75}},"locations":[{"start":{"line":83,"column":42},"end":{"line":83,"column":75}}]},"38":{"type":"branch","line":125,"loc":{"start":{"line":125,"column":60},"end":{"line":125,"column":101}},"locations":[{"start":{"line":125,"column":60},"end":{"line":125,"column":101}}]},"39":{"type":"branch","line":126,"loc":{"start":{"line":126,"column":53},"end":{"line":126,"column":62}},"locations":[{"start":{"line":126,"column":53},"end":{"line":126,"column":62}}]}},"b":{"0":[44],"1":[1],"2":[13],"3":[1],"4":[0],"5":[0],"6":[1],"7":[12],"8":[11],"9":[10],"10":[1],"11":[10],"12":[9],"13":[1],"14":[8],"15":[1],"16":[7],"17":[16],"18":[4],"19":[12],"20":[4],"21":[3],"22":[1],"23":[6],"24":[15],"25":[1],"26":[5],"27":[1],"28":[4],"29":[0],"30":[2],"31":[1],"32":[3],"33":[2],"34":[3],"35":[0],"36":[2],"37":[3],"38":[4],"39":[3]},"fnMap":{"0":{"name":"getSupabaseAdmin","decl":{"start":{"line":9,"column":0},"end":{"line":17,"column":1}},"loc":{"start":{"line":9,"column":0},"end":{"line":17,"column":1}},"line":9}},"f":{"0":44}}
,"/Users/paulsondhi/listener/packages/server/routes/transcribe.js": {"path":"/Users/paulsondhi/listener/packages/server/routes/transcribe.js","all":false,"statementMap":{"0":{"start":{"line":1,"column":0},"end":{"line":1,"column":30}},"1":{"start":{"line":2,"column":0},"end":{"line":2,"column":24}},"2":{"start":{"line":3,"column":0},"end":{"line":3,"column":20}},"3":{"start":{"line":4,"column":0},"end":{"line":4,"column":20}},"4":{"start":{"line":5,"column":0},"end":{"line":5,"column":43}},"5":{"start":{"line":6,"column":0},"end":{"line":6,"column":34}},"6":{"start":{"line":7,"column":0},"end":{"line":7,"column":50}},"7":{"start":{"line":8,"column":0},"end":{"line":8,"column":59}},"9":{"start":{"line":10,"column":0},"end":{"line":10,"column":32}},"11":{"start":{"line":12,"column":0},"end":{"line":12,"column":3}},"12":{"start":{"line":13,"column":0},"end":{"line":13,"column":63}},"13":{"start":{"line":14,"column":0},"end":{"line":14,"column":40}},"14":{"start":{"line":15,"column":0},"end":{"line":15,"column":3}},"15":{"start":{"line":16,"column":0},"end":{"line":16,"column":37}},"16":{"start":{"line":17,"column":0},"end":{"line":17,"column":27}},"17":{"start":{"line":18,"column":0},"end":{"line":18,"column":37}},"18":{"start":{"line":19,"column":0},"end":{"line":19,"column":22}},"19":{"start":{"line":20,"column":0},"end":{"line":20,"column":18}},"20":{"start":{"line":21,"column":0},"end":{"line":21,"column":24}},"21":{"start":{"line":22,"column":0},"end":{"line":22,"column":63}},"22":{"start":{"line":23,"column":0},"end":{"line":23,"column":5}},"24":{"start":{"line":25,"column":0},"end":{"line":25,"column":27}},"25":{"start":{"line":26,"column":0},"end":{"line":26,"column":57}},"26":{"start":{"line":27,"column":0},"end":{"line":27,"column":18}},"27":{"start":{"line":28,"column":0},"end":{"line":28,"column":24}},"28":{"start":{"line":29,"column":0},"end":{"line":29,"column":79}},"29":{"start":{"line":30,"column":0},"end":{"line":30,"column":5}},"31":{"start":{"line":32,"column":0},"end":{"line":32,"column":16}},"32":{"start":{"line":33,"column":0},"end":{"line":33,"column":9}},"33":{"start":{"line":34,"column":0},"end":{"line":34,"column":34}},"34":{"start":{"line":35,"column":0},"end":{"line":35,"column":69}},"35":{"start":{"line":36,"column":0},"end":{"line":36,"column":66}},"36":{"start":{"line":37,"column":0},"end":{"line":37,"column":67}},"37":{"start":{"line":38,"column":0},"end":{"line":38,"column":61}},"38":{"start":{"line":39,"column":0},"end":{"line":39,"column":61}},"40":{"start":{"line":41,"column":0},"end":{"line":41,"column":37}},"41":{"start":{"line":42,"column":0},"end":{"line":42,"column":45}},"42":{"start":{"line":43,"column":0},"end":{"line":43,"column":27}},"43":{"start":{"line":44,"column":0},"end":{"line":44,"column":68}},"44":{"start":{"line":45,"column":0},"end":{"line":45,"column":9}},"46":{"start":{"line":47,"column":0},"end":{"line":47,"column":37}},"47":{"start":{"line":48,"column":0},"end":{"line":48,"column":56}},"48":{"start":{"line":49,"column":0},"end":{"line":49,"column":50}},"49":{"start":{"line":50,"column":0},"end":{"line":50,"column":56}},"50":{"start":{"line":51,"column":0},"end":{"line":51,"column":29}},"51":{"start":{"line":52,"column":0},"end":{"line":52,"column":28}},"53":{"start":{"line":54,"column":0},"end":{"line":54,"column":52}},"54":{"start":{"line":55,"column":0},"end":{"line":55,"column":57}},"55":{"start":{"line":56,"column":0},"end":{"line":56,"column":52}},"57":{"start":{"line":58,"column":0},"end":{"line":58,"column":19}},"58":{"start":{"line":59,"column":0},"end":{"line":59,"column":58}},"59":{"start":{"line":60,"column":0},"end":{"line":60,"column":105}},"60":{"start":{"line":61,"column":0},"end":{"line":61,"column":78}},"61":{"start":{"line":62,"column":0},"end":{"line":62,"column":15}},"62":{"start":{"line":63,"column":0},"end":{"line":63,"column":42}},"63":{"start":{"line":64,"column":0},"end":{"line":64,"column":22}},"64":{"start":{"line":65,"column":0},"end":{"line":65,"column":41}},"65":{"start":{"line":66,"column":0},"end":{"line":66,"column":9}},"66":{"start":{"line":67,"column":0},"end":{"line":67,"column":5}},"67":{"start":{"line":68,"column":0},"end":{"line":68,"column":3}},"69":{"start":{"line":70,"column":0},"end":{"line":70,"column":3}},"70":{"start":{"line":71,"column":0},"end":{"line":71,"column":72}},"71":{"start":{"line":72,"column":0},"end":{"line":72,"column":23}},"72":{"start":{"line":73,"column":0},"end":{"line":73,"column":40}},"73":{"start":{"line":74,"column":0},"end":{"line":74,"column":3}},"74":{"start":{"line":75,"column":0},"end":{"line":75,"column":38}},"75":{"start":{"line":76,"column":0},"end":{"line":76,"column":46}},"76":{"start":{"line":77,"column":0},"end":{"line":77,"column":36}},"77":{"start":{"line":78,"column":0},"end":{"line":78,"column":22}},"78":{"start":{"line":79,"column":0},"end":{"line":79,"column":18}},"79":{"start":{"line":80,"column":0},"end":{"line":80,"column":24}},"80":{"start":{"line":81,"column":0},"end":{"line":81,"column":68}},"81":{"start":{"line":82,"column":0},"end":{"line":82,"column":5}},"83":{"start":{"line":84,"column":0},"end":{"line":84,"column":27}},"84":{"start":{"line":85,"column":0},"end":{"line":85,"column":57}},"85":{"start":{"line":86,"column":0},"end":{"line":86,"column":18}},"86":{"start":{"line":87,"column":0},"end":{"line":87,"column":24}},"87":{"start":{"line":88,"column":0},"end":{"line":88,"column":95}},"88":{"start":{"line":89,"column":0},"end":{"line":89,"column":5}},"90":{"start":{"line":91,"column":0},"end":{"line":91,"column":16}},"91":{"start":{"line":92,"column":0},"end":{"line":92,"column":84}},"92":{"start":{"line":93,"column":0},"end":{"line":93,"column":9}},"93":{"start":{"line":94,"column":0},"end":{"line":94,"column":34}},"94":{"start":{"line":95,"column":0},"end":{"line":95,"column":63}},"95":{"start":{"line":96,"column":0},"end":{"line":96,"column":66}},"96":{"start":{"line":97,"column":0},"end":{"line":97,"column":67}},"97":{"start":{"line":98,"column":0},"end":{"line":98,"column":61}},"98":{"start":{"line":99,"column":0},"end":{"line":99,"column":61}},"100":{"start":{"line":101,"column":0},"end":{"line":101,"column":37}},"101":{"start":{"line":102,"column":0},"end":{"line":102,"column":45}},"102":{"start":{"line":103,"column":0},"end":{"line":103,"column":27}},"103":{"start":{"line":104,"column":0},"end":{"line":104,"column":87}},"104":{"start":{"line":105,"column":0},"end":{"line":105,"column":81}},"105":{"start":{"line":106,"column":0},"end":{"line":106,"column":104}},"106":{"start":{"line":107,"column":0},"end":{"line":107,"column":29}},"107":{"start":{"line":108,"column":0},"end":{"line":108,"column":9}},"109":{"start":{"line":110,"column":0},"end":{"line":110,"column":37}},"110":{"start":{"line":111,"column":0},"end":{"line":111,"column":56}},"111":{"start":{"line":112,"column":0},"end":{"line":112,"column":50}},"112":{"start":{"line":113,"column":0},"end":{"line":113,"column":56}},"113":{"start":{"line":114,"column":0},"end":{"line":114,"column":29}},"114":{"start":{"line":115,"column":0},"end":{"line":115,"column":28}},"116":{"start":{"line":117,"column":0},"end":{"line":117,"column":61}},"117":{"start":{"line":118,"column":0},"end":{"line":118,"column":101}},"118":{"start":{"line":119,"column":0},"end":{"line":119,"column":87}},"119":{"start":{"line":120,"column":0},"end":{"line":120,"column":78}},"120":{"start":{"line":121,"column":0},"end":{"line":121,"column":89}},"121":{"start":{"line":122,"column":0},"end":{"line":122,"column":60}},"123":{"start":{"line":124,"column":0},"end":{"line":124,"column":19}},"124":{"start":{"line":125,"column":0},"end":{"line":125,"column":114}},"125":{"start":{"line":126,"column":0},"end":{"line":126,"column":69}},"126":{"start":{"line":127,"column":0},"end":{"line":127,"column":39}},"127":{"start":{"line":128,"column":0},"end":{"line":128,"column":47}},"129":{"start":{"line":130,"column":0},"end":{"line":130,"column":116}},"130":{"start":{"line":131,"column":0},"end":{"line":131,"column":76}},"131":{"start":{"line":132,"column":0},"end":{"line":132,"column":106}},"132":{"start":{"line":133,"column":0},"end":{"line":133,"column":73}},"133":{"start":{"line":134,"column":0},"end":{"line":134,"column":99}},"134":{"start":{"line":135,"column":0},"end":{"line":135,"column":69}},"135":{"start":{"line":136,"column":0},"end":{"line":136,"column":65}},"136":{"start":{"line":137,"column":0},"end":{"line":137,"column":72}},"137":{"start":{"line":138,"column":0},"end":{"line":138,"column":9}},"138":{"start":{"line":139,"column":0},"end":{"line":139,"column":65}},"140":{"start":{"line":141,"column":0},"end":{"line":141,"column":68}},"141":{"start":{"line":142,"column":0},"end":{"line":142,"column":15}},"142":{"start":{"line":143,"column":0},"end":{"line":143,"column":42}},"143":{"start":{"line":144,"column":0},"end":{"line":144,"column":22}},"144":{"start":{"line":145,"column":0},"end":{"line":145,"column":47}},"145":{"start":{"line":146,"column":0},"end":{"line":146,"column":32}},"146":{"start":{"line":147,"column":0},"end":{"line":147,"column":87}},"147":{"start":{"line":148,"column":0},"end":{"line":148,"column":17}},"148":{"start":{"line":149,"column":0},"end":{"line":149,"column":15}},"149":{"start":{"line":150,"column":0},"end":{"line":150,"column":9}},"150":{"start":{"line":151,"column":0},"end":{"line":151,"column":5}},"151":{"start":{"line":152,"column":0},"end":{"line":152,"column":3}},"153":{"start":{"line":154,"column":0},"end":{"line":154,"column":22}}},"s":{"0":1,"1":1,"2":1,"3":1,"4":1,"5":1,"6":1,"7":1,"9":1,"11":1,"12":1,"13":1,"14":1,"15":1,"16":8,"17":8,"18":8,"19":1,"20":1,"21":1,"22":1,"24":7,"25":8,"26":1,"27":1,"28":1,"29":1,"31":6,"32":6,"33":6,"34":6,"35":5,"36":4,"37":4,"38":4,"40":4,"41":4,"42":8,"43":1,"44":1,"46":2,"47":2,"48":2,"49":2,"50":2,"51":2,"53":2,"54":2,"55":1,"57":8,"58":5,"59":5,"60":5,"61":8,"62":6,"63":6,"64":2,"65":2,"66":6,"67":1,"69":1,"70":1,"71":1,"72":1,"73":1,"74":1,"75":11,"76":11,"77":11,"78":1,"79":1,"80":1,"81":1,"83":10,"84":11,"85":1,"86":1,"87":1,"88":1,"90":9,"91":9,"92":9,"93":9,"94":9,"95":8,"96":8,"97":8,"98":8,"100":8,"101":8,"102":11,"103":1,"104":1,"105":1,"106":1,"107":1,"109":6,"110":6,"111":6,"112":6,"113":6,"114":6,"116":4,"117":11,"118":2,"119":2,"120":2,"121":2,"123":11,"124":7,"125":7,"126":7,"127":7,"129":7,"130":1,"131":7,"132":2,"133":6,"134":2,"135":2,"136":2,"137":2,"138":7,"140":7,"141":11,"142":9,"143":9,"144":6,"145":6,"146":1,"147":1,"148":6,"149":6,"150":9,"151":1,"153":1},"branchMap":{"0":{"type":"branch","line":16,"loc":{"start":{"line":16,"column":16},"end":{"line":68,"column":2}},"locations":[{"start":{"line":16,"column":16},"end":{"line":68,"column":2}}]},"1":{"type":"branch","line":19,"loc":{"start":{"line":19,"column":21},"end":{"line":23,"column":5}},"locations":[{"start":{"line":19,"column":21},"end":{"line":23,"column":5}}]},"2":{"type":"branch","line":23,"loc":{"start":{"line":23,"column":4},"end":{"line":26,"column":56}},"locations":[{"start":{"line":23,"column":4},"end":{"line":26,"column":56}}]},"3":{"type":"branch","line":26,"loc":{"start":{"line":26,"column":56},"end":{"line":30,"column":5}},"locations":[{"start":{"line":26,"column":56},"end":{"line":30,"column":5}}]},"4":{"type":"branch","line":30,"loc":{"start":{"line":30,"column":4},"end":{"line":35,"column":69}},"locations":[{"start":{"line":30,"column":4},"end":{"line":35,"column":69}}]},"5":{"type":"branch","line":35,"loc":{"start":{"line":35,"column":68},"end":{"line":36,"column":66}},"locations":[{"start":{"line":35,"column":68},"end":{"line":36,"column":66}}]},"6":{"type":"branch","line":36,"loc":{"start":{"line":36,"column":65},"end":{"line":42,"column":45}},"locations":[{"start":{"line":36,"column":65},"end":{"line":42,"column":45}}]},"7":{"type":"branch","line":42,"loc":{"start":{"line":42,"column":44},"end":{"line":43,"column":26}},"locations":[{"start":{"line":42,"column":44},"end":{"line":43,"column":26}}]},"8":{"type":"branch","line":43,"loc":{"start":{"line":43,"colu
[...]
e":67,"column":5}},"locations":[{"start":{"line":62,"column":6},"end":{"line":67,"column":5}}]},"14":{"type":"branch","line":64,"loc":{"start":{"line":64,"column":21},"end":{"line":66,"column":9}},"locations":[{"start":{"line":64,"column":21},"end":{"line":66,"column":9}}]},"15":{"type":"branch","line":65,"loc":{"start":{"line":65,"column":31},"end":{"line":65,"column":39}},"locations":[{"start":{"line":65,"column":31},"end":{"line":65,"column":39}}]},"16":{"type":"branch","line":75,"loc":{"start":{"line":75,"column":17},"end":{"line":152,"column":2}},"locations":[{"start":{"line":75,"column":17},"end":{"line":152,"column":2}}]},"17":{"type":"branch","line":78,"loc":{"start":{"line":78,"column":21},"end":{"line":82,"column":5}},"locations":[{"start":{"line":78,"column":21},"end":{"line":82,"column":5}}]},"18":{"type":"branch","line":82,"loc":{"start":{"line":82,"column":4},"end":{"line":85,"column":56}},"locations":[{"start":{"line":82,"column":4},"end":{"line":85,"column":56}}]},"19":{"type":"branch","line":85,"loc":{"start":{"line":85,"column":56},"end":{"line":89,"column":5}},"locations":[{"start":{"line":85,"column":56},"end":{"line":89,"column":5}}]},"20":{"type":"branch","line":89,"loc":{"start":{"line":89,"column":4},"end":{"line":95,"column":63}},"locations":[{"start":{"line":89,"column":4},"end":{"line":95,"column":63}}]},"21":{"type":"branch","line":95,"loc":{"start":{"line":95,"column":62},"end":{"line":102,"column":45}},"locations":[{"start":{"line":95,"column":62},"end":{"line":102,"column":45}}]},"22":{"type":"branch","line":102,"loc":{"start":{"line":102,"column":44},"end":{"line":103,"column":26}},"locations":[{"start":{"line":102,"column":44},"end":{"line":103,"column":26}}]},"23":{"type":"branch","line":103,"loc":{"start":{"line":103,"column":26},"end":{"line":108,"column":9}},"locations":[{"start":{"line":103,"column":26},"end":{"line":108,"column":9}}]},"24":{"type":"branch","line":108,"loc":{"start":{"line":108,"column":8},"end":{"line":115,"column":28}},"locations":[{"start":{"line":108,"column":8},"end":{"line":115,"column":28}}]},"25":{"type":"branch","line":115,"loc":{"start":{"line":115,"column":27},"end":{"line":118,"column":53}},"locations":[{"start":{"line":115,"column":27},"end":{"line":118,"column":53}}]},"26":{"type":"branch","line":118,"loc":{"start":{"line":118,"column":53},"end":{"line":124,"column":6}},"locations":[{"start":{"line":118,"column":53},"end":{"line":124,"column":6}}]},"27":{"type":"branch","line":124,"loc":{"start":{"line":124,"column":6},"end":{"line":142,"column":5}},"locations":[{"start":{"line":124,"column":6},"end":{"line":142,"column":5}}]},"28":{"type":"branch","line":125,"loc":{"start":{"line":125,"column":73},"end":{"line":125,"column":85}},"locations":[{"start":{"line":125,"column":73},"end":{"line":125,"column":85}}]},"29":{"type":"branch","line":128,"loc":{"start":{"line":128,"column":40},"end":{"line":128,"column":46}},"locations":[{"start":{"line":128,"column":40},"end":{"line":128,"column":46}}]},"30":{"type":"branch","line":130,"loc":{"start":{"line":130,"column":47},"end":{"line":130,"column":113}},"locations":[{"start":{"line":130,"column":47},"end":{"line":130,"column":113}}]},"31":{"type":"branch","line":130,"loc":{"start":{"line":130,"column":62},"end":{"line":130,"column":79}},"locations":[{"start":{"line":130,"column":62},"end":{"line":130,"column":79}}]},"32":{"type":"branch","line":130,"loc":{"start":{"line":130,"column":80},"end":{"line":130,"column":112}},"locations":[{"start":{"line":130,"column":80},"end":{"line":130,"column":112}}]},"33":{"type":"branch","line":130,"loc":{"start":{"line":130,"column":115},"end":{"line":132,"column":9}},"locations":[{"start":{"line":130,"column":115},"end":{"line":132,"column":9}}]},"34":{"type":"branch","line":132,"loc":{"start":{"line":132,"column":9},"end":{"line":138,"column":9}},"locations":[{"start":{"line":132,"column":9},"end":{"line":138,"column":9}}]},"35":{"type":"branch","line":132,"loc":{"start":{"line":132,"column":63},"end":{"line":132,"column":103}},"locations":[{"start":{"line":132,"column":63},"end":{"line":132,"column":103}}]},"36":{"type":"branch","line":132,"loc":{"start":{"line":132,"column":105},"end":{"line":134,"column":9}},"locations":[{"start":{"line":132,"column":105},"end":{"line":134,"column":9}}]},"37":{"type":"branch","line":134,"loc":{"start":{"line":134,"column":9},"end":{"line":138,"column":9}},"locations":[{"start":{"line":134,"column":9},"end":{"line":138,"column":9}}]},"38":{"type":"branch","line":134,"loc":{"start":{"line":134,"column":52},"end":{"line":134,"column":96}},"locations":[{"start":{"line":134,"column":52},"end":{"line":134,"column":96}}]},"39":{"type":"branch","line":134,"loc":{"start":{"line":134,"column":98},"end":{"line":138,"column":9}},"locations":[{"start":{"line":134,"column":98},"end":{"line":138,"column":9}}]},"40":{"type":"branch","line":142,"loc":{"start":{"line":142,"column":5},"end":{"line":142,"column":6}},"locations":[{"start":{"line":142,"column":5},"end":{"line":142,"column":6}}]},"41":{"type":"branch","line":142,"loc":{"start":{"line":142,"column":6},"end":{"line":151,"column":5}},"locations":[{"start":{"line":142,"column":6},"end":{"line":151,"column":5}}]},"42":{"type":"branch","line":144,"loc":{"start":{"line":144,"column":21},"end":{"line":150,"column":9}},"locations":[{"start":{"line":144,"column":21},"end":{"line":150,"column":9}}]},"43":{"type":"branch","line":145,"loc":{"start":{"line":145,"column":31},"end":{"line":149,"column":13}},"locations":[{"start":{"line":145,"column":31},"end":{"line":149,"column":13}}]},"44":{"type":"branch","line":146,"loc":{"start":{"line":146,"column":31},"end":{"line":148,"column":17}},"locations":[{"start":{"line":146,"column":31},"end":{"line":148,"column":17}}]}},"b":{"0":[8],"1":[1],"2":[7],"3":[1],"4":[6],"5":[5],"6":[4],"7":[3],"8":[1],"9":[2],"10":[1],"11":[5],"12":[1],"13":[6],"14":[2],"15":[2],"16":[11],"17":[1],"18":[10],"19":[1],"20":[9],"21":[8],"22":[7],"23":[1],"24":[6],"25":[4],"26":[2],"27":[7],"28":[1],"29":[6],"30":[6],"31":[0],"32":[0],"33":[1],"34":[6],"35":[5],"36":[2],"37":[4],"38":[3],"39":[2],"40":[2],"41":[9],"42":[6],"43":[6],"44":[1]},"fnMap":{},"f":{}}
,"/Users/paulsondhi/listener/packages/server/services/podcastService.js": {"path":"/Users/paulsondhi/listener/packages/server/services/podcastService.js","all":false,"statementMap":{"0":{"start":{"line":1,"column":0},"end":{"line":1,"column":31}},"1":{"start":{"line":2,"column":0},"end":{"line":2,"column":44}},"2":{"start":{"line":3,"column":0},"end":{"line":3,"column":59}},"4":{"start":{"line":5,"column":0},"end":{"line":5,"column":3}},"5":{"start":{"line":6,"column":0},"end":{"line":6,"column":48}},"6":{"start":{"line":7,"column":0},"end":{"line":7,"column":3}},"7":{"start":{"line":8,"column":0},"end":{"line":8,"column":41}},"8":{"start":{"line":9,"column":0},"end":{"line":9,"column":42}},"9":{"start":{"line":10,"column":0},"end":{"line":10,"column":19}},"10":{"start":{"line":11,"column":0},"end":{"line":11,"column":31}},"11":{"start":{"line":12,"column":0},"end":{"line":12,"column":33}},"12":{"start":{"line":13,"column":0},"end":{"line":13,"column":3}},"13":{"start":{"line":14,"column":0},"end":{"line":14,"column":1}},"15":{"start":{"line":16,"column":0},"end":{"line":16,"column":3}},"16":{"start":{"line":17,"column":0},"end":{"line":17,"column":60}},"17":{"start":{"line":18,"column":0},"end":{"line":18,"column":3}},"18":{"start":{"line":19,"column":0},"end":{"line":19,"column":22}},"19":{"start":{"line":20,"column":0},"end":{"line":20,"column":5}},"20":{"start":{"line":21,"column":0},"end":{"line":21,"column":65}},"21":{"start":{"line":22,"column":0},"end":{"line":22,"column":54}},"22":{"start":{"line":23,"column":0},"end":{"line":23,"column":56}},"23":{"start":{"line":24,"column":0},"end":{"line":24,"column":5}},"24":{"start":{"line":25,"column":0},"end":{"line":25,"column":27}},"25":{"start":{"line":26,"column":0},"end":{"line":26,"column":91}},"26":{"start":{"line":27,"column":0},"end":{"line":27,"column":34}},"27":{"start":{"line":28,"column":0},"end":{"line":28,"column":3}},"29":{"start":{"line":30,"column":0},"end":{"line":30,"column":5}},"30":{"start":{"line":31,"column":0},"end":{"line":31,"column":45}},"31":{"start":{"line":32,"column":0},"end":{"line":32,"column":42}},"32":{"start":{"line":33,"column":0},"end":{"line":33,"column":50}},"33":{"start":{"line":34,"column":0},"end":{"line":34,"column":61}},"34":{"start":{"line":35,"column":0},"end":{"line":35,"column":5}},"35":{"start":{"line":36,"column":0},"end":{"line":36,"column":29}},"36":{"start":{"line":37,"column":0},"end":{"line":37,"column":9}},"37":{"start":{"line":38,"column":0},"end":{"line":38,"column":37}},"38":{"start":{"line":39,"column":0},"end":{"line":39,"column":19}},"39":{"start":{"line":40,"column":0},"end":{"line":40,"column":80}},"40":{"start":{"line":41,"column":0},"end":{"line":41,"column":5}},"41":{"start":{"line":42,"column":0},"end":{"line":42,"column":3}},"43":{"start":{"line":44,"column":0},"end":{"line":44,"column":5}},"44":{"start":{"line":45,"column":0},"end":{"line":45,"column":40}},"45":{"start":{"line":46,"column":0},"end":{"line":46,"column":44}},"46":{"start":{"line":47,"column":0},"end":{"line":47,"column":50}},"47":{"start":{"line":48,"column":0},"end":{"line":48,"column":65}},"48":{"start":{"line":49,"column":0},"end":{"line":49,"column":5}},"49":{"start":{"line":50,"column":0},"end":{"line":50,"column":30}},"50":{"start":{"line":51,"column":0},"end":{"line":51,"column":9}},"51":{"start":{"line":52,"column":0},"end":{"line":52,"column":45}},"52":{"start":{"line":53,"column":0},"end":{"line":53,"column":21}},"53":{"start":{"line":54,"column":0},"end":{"line":54,"column":94}},"54":{"start":{"line":55,"column":0},"end":{"line":55,"column":7}},"55":{"start":{"line":56,"column":0},"end":{"line":56,"column":21}},"56":{"start":{"line":57,"column":0},"end":{"line":57,"column":19}},"57":{"start":{"line":58,"column":0},"end":{"line":58,"column":80}},"58":{"start":{"line":59,"column":0},"end":{"line":59,"column":5}},"59":{"start":{"line":60,"column":0},"end":{"line":60,"column":3}},"61":{"start":{"line":62,"column":0},"end":{"line":62,"column":5}},"62":{"start":{"line":63,"column":0},"end":{"line":63,"column":33}},"63":{"start":{"line":64,"column":0},"end":{"line":64,"column":47}},"64":{"start":{"line":65,"column":0},"end":{"line":65,"column":54}},"65":{"start":{"line":66,"column":0},"end":{"line":66,"column":59}},"66":{"start":{"line":67,"column":0},"end":{"line":67,"column":5}},"67":{"start":{"line":68,"column":0},"end":{"line":68,"column":31}},"68":{"start":{"line":69,"column":0},"end":{"line":69,"column":9}},"69":{"start":{"line":70,"column":0},"end":{"line":70,"column":44}},"70":{"start":{"line":71,"column":0},"end":{"line":71,"column":25}},"71":{"start":{"line":72,"column":0},"end":{"line":72,"column":67}},"72":{"start":{"line":73,"column":0},"end":{"line":73,"column":7}},"73":{"start":{"line":74,"column":0},"end":{"line":74,"column":35}},"74":{"start":{"line":75,"column":0},"end":{"line":75,"column":19}},"75":{"start":{"line":76,"column":0},"end":{"line":76,"column":78}},"76":{"start":{"line":77,"column":0},"end":{"line":77,"column":5}},"77":{"start":{"line":78,"column":0},"end":{"line":78,"column":3}},"79":{"start":{"line":80,"column":0},"end":{"line":80,"column":5}},"80":{"start":{"line":81,"column":0},"end":{"line":81,"column":43}},"81":{"start":{"line":82,"column":0},"end":{"line":82,"column":51}},"82":{"start":{"line":83,"column":0},"end":{"line":83,"column":44}},"83":{"start":{"line":84,"column":0},"end":{"line":84,"column":58}},"84":{"start":{"line":85,"column":0},"end":{"line":85,"column":5}},"85":{"start":{"line":86,"column":0},"end":{"line":86,"column":25}},"86":{"start":{"line":87,"column":0},"end":{"line":87,"column":9}},"87":{"start":{"line":88,"column":0},"end":{"line":88,"column":64}},"88":{"start":{"line":89,"column":0},"end":{"line":89,"column":35}},"89":{"start":{"line":90,"column":0},"end":{"line":90,"column":19}},"90":{"start":{"line":91,"column":0},"end":{"line":91,"column":78}},"91":{"start":{"line":92,"column":0},"end":{"line":92,"column":5}},"92":{"start":{"line":93,"column":0},"end":{"line":93,"column":3}},"94":{"start":{"line":95,"column":0},"end":{"line":95,"column":5}},"95":{"start":{"line":96,"column":0},"end":{"line":96,"column":48}},"96":{"start":{"line":97,"column":0},"end":{"line":97,"column":55}},"97":{"start":{"line":98,"column":0},"end":{"line":98,"column":36}},"98":{"start":{"line":99,"column":0},"end":{"line":99,"column":60}},"99":{"start":{"line":100,"column":0},"end":{"line":100,"column":5}},"100":{"start":{"line":101,"column":0},"end":{"line":101,"column":26}},"101":{"start":{"line":102,"column":0},"end":{"line":102,"column":9}},"102":{"start":{"line":103,"column":0},"end":{"line":103,"column":43}},"103":{"start":{"line":104,"column":0},"end":{"line":104,"column":62}},"104":{"start":{"line":105,"column":0},"end":{"line":105,"column":44}},"105":{"start":{"line":106,"column":0},"end":{"line":106,"column":72}},"106":{"start":{"line":107,"column":0},"end":{"line":107,"column":6}},"107":{"start":{"line":108,"column":0},"end":{"line":108,"column":20}},"108":{"start":{"line":109,"column":0},"end":{"line":109,"column":64}},"109":{"start":{"line":110,"column":0},"end":{"line":110,"column":7}},"110":{"start":{"line":111,"column":0},"end":{"line":111,"column":6}},"111":{"start":{"line":112,"column":0},"end":{"line":112,"column":20}},"112":{"start":{"line":113,"column":0},"end":{"line":113,"column":19}},"113":{"start":{"line":114,"column":0},"end":{"line":114,"column":79}},"114":{"start":{"line":115,"column":0},"end":{"line":115,"column":5}},"115":{"start":{"line":116,"column":0},"end":{"line":116,"column":3}},"116":{"start":{"line":117,"column":0},"end":{"line":117,"column":1}},"118":{"start":{"line":119,"column":0},"end":{"line":119,"column":36}}},"s":{"0":1,"1":1,"2":1,"4":1,"5":1,"6":1,"7":1,"8":1,"9":19,"10":19,"11":19,"12":19,"13":1,"15":1,"16":1,"17":1,"18":1,"19":1,"20":1,"21":1,"22":1,"23":1,"24":1,"25":5,"26":5,"27":5,"29":1,"30":1,"31":1,"32":1,"33":1,"34":1,"35":1,"36":2,"37":2,"38":2,"39":1,"40":1,"41":2,"43":1,"44":1,"45":1,"46":1,"47":1,"48":1,"49":1,"50":3,"51":3,"52":3,"53":1,"54":1,"55":1,"56":3,"57":2,"58":2,"59":3,"61":1,"62":1,"63":1,"64":1,"65":1,"66":1,"67":1,"68":3,"69":3,"70":3,"71":1,"72":1,"73":1,"74":3,"75":2,"76":2,"77":3,"79":1,"80":1,"81":1,"82":1,"83":1,"84":1,"85":1,"86":2,"87":2,"88":2,"89":2,"90":1,"91":1,"92":2,"94":1,"95":1,"96":1,"97":1,"98":1,"99":1,"100":1,"101":6,"102":6,"103":6,"104":6,"105":6,"106":6,"107":6,"108":2,"109":2,"110":3,"111":3,"112":3,"113":3,"114":3,"115":6,"116":1,"118":1},"branchMap":{"0":{"type":"branch","line":9,"loc":{"start":{"line":9,"column":2},"end":{"line":13,"column":3}},"locations":[{"start":{"line":9,"column":2},"end":{"line":13,"column":3}}]},"1":{"type":"branch","line":25,"loc":{"start":{"line":25,"column":2},"end":{"line":28,"column":3}},"locations":[{"start":{"line":25,"column":2},"end":{"line":28,"column":3}}]},"2":{"type":"branch","line":36,"loc":{"start":{"line":36,"column":2},"end":{"line":42,"column":3}},"locations":[{"start":{"line":36,"column":2},"end":{"line":42,"column":3}}]},"3":{"type":"branch","line":39,"loc":{"start":{"line":39,"column":6},"end":{"line":41,"column":5}},"locations":[{"start":{"line":39,"column":6},"end":{"line":41,"column":5}}]},"4":{"type":"branch","line":50,"loc":{"start":{"line":50,"column":2},"end":{"line":60,"column":3}},"locations":[{"start":{"line":50,"column":2},"end":{"line":60,"column":3}}]},"5":{"type":"branch","line":52,"loc":{"start":{"line":52,"column":44},"end":{"line":53,"column":20}},"locations":[{"start":{"line":52,"column":44},"end":{"line":53,"column":20}}]},"6":{"type":"branch","line":53,"loc":{"start":{"line":53,"column":20},"end":{"line":57,"column":6}},"locations":[{"start":{"line":53,"column":20},"end":{"line":57,"column":6}}]},"7":{"type":"branch","line":57,"loc":{"start":{"line":57,"column":6},"end":{"line":59,"column":5}},"locations":[{"start":{"line":57,"column":6},"end":{"line":59,"column":5}}]},"8":{"type":"branch","line":68,"loc":{"start":{"line":68,"column":2},"end":{"line":78,"column":3}},"locations":[{"start":{"line":68,"column":2},"end":{"line":78,"column":3}}]},"9":{"type":"branch","line":70,"loc":{"start":{"line":70,"column":43},"end":{"line":71,"column":24}},"locations":[{"start":{"line":70,"column":43},"end":{"line":71,"column":24}}]},"10":{"type":"branch","line":71,"loc":{"start":{"line":71,"column":24},"end":{"line":75,"column":6}},"locations":[{"start":{"line":71,"column":24},"end":{"line":75,"column":6}}]},"11":{"type":"branch","line":75,"loc":{"start":{"line":75,"column":6},"end":{"line":77,"column":5}},"locations":[{"start":{"line":75,"column":6},"end":{"line":77,"column":5}}]},"12":{"type":"branch","line":86,"loc":{"start":{"line":86,"column":2},"end":{"line":93,"column":3}},"locations":[{"start":{"line":86,"column":2},"end":{"line":93,"column":3}}]},"13":{"type":"branch","line":90,"loc":{"start":{"line":90,"column":6},"end":{"line":92,"column":5}},"locations":[{"start":{"line":90,"column":6},"end":{"line":92,"column":5}}]},"14":{"type":"branch","line":101,"loc":{"start":{"line":101,"column":2},"end":{"line":116,"column":3}},"locations":[{"start":{"line":101,"column":2},"end":{"line":116,"column":3}}]},"15":{"type":"branch","line":104,"loc":{"start":{"line":104,"column":43},"end":{"line":104,"column":53}},"locations":[{"start":{"line":104,"column":43},"end":{"line":104,"column":53}}]},"16":{"type":"branch","line":104,"loc":{"start":{"line":104,"column":54},"end":{"line":104,"column":61}},"locations":[{"start":{"line":104,"column":54},"end":{"line":104,"column":61}}]},"17":{"type":"branch","line":106,"loc":{"start":{"line":106,"column":31},"end":{"line":106,"column":71}},"locations":[{"start":{"line":106,"column":31},"end":{"line":106,"column":71}}]},"18":{"type":"branch","line":106,"loc":{"start":{"line":106,"column":54},"end":{"line":106,"column":70}},"locations":[{"start":{"line":106,"column":54},"end":{"line":106,"column":70}}]},"19":{"type":"branch","line":108,"loc":{"start":{"line":108,"column":19},"end":{"line":110,"column":7}},"locations":[{"start":{"line":108,"column":19},"end":{"line":110,"column":7}}]},"20":{"type":"branch","line":110,"loc":{"start":{"line":110,"column":6},"end":{"line":115,"column":5}},"locations":[{"start":{"line":110,"column":6},"end":{"line":115,"column":5}}]}},"b":{"0":[19],"1":[5],"2":[2],"3":[1],"4":[3],"5":[2],"6":[1],"7":[2],"8":[3],"9":[2],"10":[1],"11":[2],"12":[2],"13":[1],"14":[6],"15":[1],"16":[5],"17":[4],"18":[2],"19":[2],"20":[3]},"fnMap":{"0":{"name":"PodcastError","decl":{"start":{"line":9,"column":2},"end":{"line":13,"column":3}},"loc":{"start":{"line":9,"column":2},"end":{"line":13,"column":3}},"line":9},"1":{"name":"validateSpotifyUrl","decl":{"start":{"line":25,"column":2},"end":{"line":28,"column":3}},"loc":{"start":{"line":25,"column":2},"end":{"line":28,"column":3}},"line":25},"2":{"name":"getPodcastSlug","decl":{"start":{"line":36,"column":2},"end":{"line":42,"column":3}},"loc":{"start":{"line":36,"column":2},"end":{"line":42,"column":3}},"line":36},"3":{"name":"getPodcastFeed","decl":{"start":{"line":50,"column":2},"end":{"line":60,"column":3}},"loc":{"start":{"line":50,"column":2},"end":{"line":60,"column":3}},"line":50},"4":{"name":"fetchRssFeed","decl":{"start":{"line":68,"column":2},"end":{"line":78,"column":3}},"loc":{"start":{"line":68,"column":2},"end":{"line":78,"column":3}},"line":68},"5":{"name":"parseRssFeed","decl":{"start":{"line":86,"column":2},"end":{"line":93,"column":3}},"loc":{"start":{"line":86,"column":2},"end":{"line":93,"column":3}},"line":86},"6":{"name":"extractMp3Url","decl":{"start":{"line":101,"column":2},"end":{"line":116,"column":3}},"loc":{"start":{"line":101,"column":2},"end":{"line":116,"column":3}},"line":101}},"f":{"0":19,"1":5,"2":2,"3":3,"4":3,"5":2,"6":6}}
}
