{"/Users/paulsondhi/listener/packages/client/src/App.jsx": {"path":"/Users/paulsondhi/listener/packages/client/src/App.jsx","all":false,"statementMap":{"0":{"start":{"line":1,"column":0},"end":{"line":1,"column":58}},"1":{"start":{"line":2,"column":0},"end":{"line":2,"column":62}},"2":{"start":{"line":3,"column":0},"end":{"line":3,"column":38}},"3":{"start":{"line":4,"column":0},"end":{"line":4,"column":42}},"4":{"start":{"line":5,"column":0},"end":{"line":5,"column":18}},"7":{"start":{"line":8,"column":0},"end":{"line":8,"column":49}},"8":{"start":{"line":9,"column":0},"end":{"line":9,"column":37}},"10":{"start":{"line":11,"column":0},"end":{"line":11,"column":16}},"11":{"start":{"line":12,"column":0},"end":{"line":12,"column":32}},"12":{"start":{"line":13,"column":0},"end":{"line":13,"column":3}},"14":{"start":{"line":15,"column":0},"end":{"line":15,"column":14}},"15":{"start":{"line":16,"column":0},"end":{"line":16,"column":35}},"16":{"start":{"line":17,"column":0},"end":{"line":17,"column":3}},"18":{"start":{"line":19,"column":0},"end":{"line":19,"column":17}},"19":{"start":{"line":20,"column":0},"end":{"line":20,"column":1}},"22":{"start":{"line":23,"column":0},"end":{"line":23,"column":23}},"23":{"start":{"line":24,"column":0},"end":{"line":24,"column":10}},"24":{"start":{"line":25,"column":0},"end":{"line":25,"column":14}},"25":{"start":{"line":26,"column":0},"end":{"line":26,"column":51}},"26":{"start":{"line":27,"column":0},"end":{"line":27,"column":61}},"27":{"start":{"line":28,"column":0},"end":{"line":28,"column":14}},"28":{"start":{"line":29,"column":0},"end":{"line":29,"column":21}},"29":{"start":{"line":30,"column":0},"end":{"line":30,"column":19}},"30":{"start":{"line":31,"column":0},"end":{"line":31,"column":28}},"31":{"start":{"line":32,"column":0},"end":{"line":32,"column":25}},"32":{"start":{"line":33,"column":0},"end":{"line":33,"column":29}},"34":{"start":{"line":35,"column":0},"end":{"line":35,"column":10}},"35":{"start":{"line":36,"column":0},"end":{"line":36,"column":15}},"37":{"start":{"line":38,"column":0},"end":{"line":38,"column":1}},"40":{"start":{"line":41,"column":0},"end":{"line":41,"column":31}},"41":{"start":{"line":42,"column":0},"end":{"line":42,"column":10}},"42":{"start":{"line":43,"column":0},"end":{"line":43,"column":18}},"43":{"start":{"line":44,"column":0},"end":{"line":44,"column":20}},"44":{"start":{"line":45,"column":0},"end":{"line":45,"column":19}},"46":{"start":{"line":47,"column":0},"end":{"line":47,"column":1}}},"s":{"0":1,"1":1,"2":1,"3":1,"4":1,"7":1,"8":5,"10":5,"11":1,"12":1,"14":5,"15":2,"16":2,"18":2,"19":2,"22":2,"23":2,"24":2,"25":2,"26":2,"27":2,"28":2,"29":2,"30":2,"31":2,"32":2,"34":2,"35":2,"37":2,"40":2,"41":2,"42":2,"43":2,"44":2,"46":2},"branchMap":{"0":{"type":"branch","line":8,"loc":{"start":{"line":8,"column":30},"end":{"line":20,"column":1}},"locations":[{"start":{"line":8,"column":30},"end":{"line":20,"column":1}}]},"1":{"type":"branch","line":11,"loc":{"start":{"line":11,"column":15},"end":{"line":13,"column":3}},"locations":[{"start":{"line":11,"column":15},"end":{"line":13,"column":3}}]},"2":{"type":"branch","line":13,"loc":{"start":{"line":13,"column":2},"end":{"line":15,"column":13}},"locations":[{"start":{"line":13,"column":2},"end":{"line":15,"column":13}}]},"3":{"type":"branch","line":15,"loc":{"start":{"line":15,"column":13},"end":{"line":20,"column":1}},"locations":[{"start":{"line":15,"column":13},"end":{"line":20,"column":1}}]},"4":{"type":"branch","line":23,"loc":{"start":{"line":23,"column":0},"end":{"line":38,"column":1}},"locations":[{"start":{"line":23,"column":0},"end":{"line":38,"column":1}}]},"5":{"type":"branch","line":41,"loc":{"start":{"line":41,"column":0},"end":{"line":47,"column":1}},"locations":[{"start":{"line":41,"column":0},"end":{"line":47,"column":1}}]}},"b":{"0":[5],"1":[1],"2":[4],"3":[2],"4":[2],"5":[2]},"fnMap":{"0":{"name":"ProtectedRoute","decl":{"start":{"line":8,"column":30},"end":{"line":20,"column":1}},"loc":{"start":{"line":8,"column":30},"end":{"line":20,"column":1}},"line":8},"1":{"name":"AppContent","decl":{"start":{"line":23,"column":0},"end":{"line":38,"column":1}},"loc":{"start":{"line":23,"column":0},"end":{"line":38,"column":1}},"line":23},"2":{"name":"App","decl":{"start":{"line":41,"column":0},"end":{"line":47,"column":1}},"loc":{"start":{"line":41,"column":0},"end":{"line":47,"column":1}},"line":41}},"f":{"0":5,"1":2,"2":2}}
,"/Users/paulsondhi/listener/packages/client/src/components/AppPage.jsx": {"path":"/Users/paulsondhi/listener/packages/client/src/components/AppPage.jsx","all":false,"statementMap":{"0":{"start":{"line":1,"column":0},"end":{"line":1,"column":52}},"1":{"start":{"line":2,"column":0},"end":{"line":2,"column":50}},"2":{"start":{"line":3,"column":0},"end":{"line":3,"column":49}},"6":{"start":{"line":7,"column":0},"end":{"line":7,"column":61}},"13":{"start":{"line":14,"column":0},"end":{"line":14,"column":23}},"14":{"start":{"line":15,"column":0},"end":{"line":15,"column":38}},"15":{"start":{"line":16,"column":0},"end":{"line":16,"column":51}},"16":{"start":{"line":17,"column":0},"end":{"line":17,"column":52}},"17":{"start":{"line":18,"column":0},"end":{"line":18,"column":52}},"18":{"start":{"line":19,"column":0},"end":{"line":19,"column":43}},"21":{"start":{"line":22,"column":0},"end":{"line":22,"column":34}},"24":{"start":{"line":25,"column":0},"end":{"line":25,"column":19}},"25":{"start":{"line":26,"column":0},"end":{"line":26,"column":43}},"27":{"start":{"line":28,"column":0},"end":{"line":28,"column":43}},"28":{"start":{"line":29,"column":0},"end":{"line":29,"column":74}},"29":{"start":{"line":30,"column":0},"end":{"line":30,"column":15}},"30":{"start":{"line":31,"column":0},"end":{"line":31,"column":7}},"32":{"start":{"line":33,"column":0},"end":{"line":33,"column":11}},"33":{"start":{"line":34,"column":0},"end":{"line":34,"column":27}},"34":{"start":{"line":35,"column":0},"end":{"line":35,"column":23}},"36":{"start":{"line":37,"column":0},"end":{"line":37,"column":92}},"37":{"start":{"line":38,"column":0},"end":{"line":38,"column":27}},"38":{"start":{"line":39,"column":0},"end":{"line":39,"column":64}},"39":{"start":{"line":40,"column":0},"end":{"line":40,"column":41}},"40":{"start":{"line":41,"column":0},"end":{"line":41,"column":17}},"41":{"start":{"line":42,"column":0},"end":{"line":42,"column":9}},"42":{"start":{"line":43,"column":0},"end":{"line":43,"column":23}},"43":{"start":{"line":44,"column":0},"end":{"line":44,"column":66}},"44":{"start":{"line":45,"column":0},"end":{"line":45,"column":17}},"45":{"start":{"line":46,"column":0},"end":{"line":46,"column":9}},"48":{"start":{"line":49,"column":0},"end":{"line":49,"column":65}},"49":{"start":{"line":50,"column":0},"end":{"line":50,"column":62}},"50":{"start":{"line":51,"column":0},"end":{"line":51,"column":17}},"51":{"start":{"line":52,"column":0},"end":{"line":52,"column":9}},"53":{"start":{"line":54,"column":0},"end":{"line":54,"column":51}},"54":{"start":{"line":55,"column":0},"end":{"line":55,"column":60}},"55":{"start":{"line":56,"column":0},"end":{"line":56,"column":45}},"56":{"start":{"line":57,"column":0},"end":{"line":57,"column":58}},"59":{"start":{"line":60,"column":0},"end":{"line":60,"column":58}},"60":{"start":{"line":61,"column":0},"end":{"line":61,"column":52}},"61":{"start":{"line":62,"column":0},"end":{"line":62,"column":43}},"62":{"start":{"line":63,"column":0},"end":{"line":63,"column":45}},"63":{"start":{"line":64,"column":0},"end":{"line":64,"column":38}},"64":{"start":{"line":65,"column":0},"end":{"line":65,"column":13}},"65":{"start":{"line":66,"column":0},"end":{"line":66,"column":78}},"66":{"start":{"line":67,"column":0},"end":{"line":67,"column":17}},"67":{"start":{"line":68,"column":0},"end":{"line":68,"column":9}},"69":{"start":{"line":70,"column":0},"end":{"line":70,"column":49}},"70":{"start":{"line":71,"column":0},"end":{"line":71,"column":87}},"71":{"start":{"line":72,"column":0},"end":{"line":72,"column":25}},"72":{"start":{"line":73,"column":0},"end":{"line":73,"column":20}},"73":{"start":{"line":74,"column":0},"end":{"line":74,"column":47}},"74":{"start":{"line":75,"column":0},"end":{"line":75,"column":60}},"75":{"start":{"line":76,"column":0},"end":{"line":76,"column":12}},"76":{"start":{"line":77,"column":0},"end":{"line":77,"column":32}},"77":{"start":{"line":78,"column":0},"end":{"line":78,"column":38}},"78":{"start":{"line":79,"column":0},"end":{"line":79,"column":40}},"79":{"start":{"line":80,"column":0},"end":{"line":80,"column":33}},"80":{"start":{"line":81,"column":0},"end":{"line":81,"column":12}},"81":{"start":{"line":82,"column":0},"end":{"line":82,"column":11}},"83":{"start":{"line":84,"column":0},"end":{"line":84,"column":32}},"84":{"start":{"line":85,"column":0},"end":{"line":85,"column":55}},"85":{"start":{"line":86,"column":0},"end":{"line":86,"column":79}},"86":{"start":{"line":87,"column":0},"end":{"line":87,"column":9}},"88":{"start":{"line":89,"column":0},"end":{"line":89,"column":72}},"89":{"start":{"line":90,"column":0},"end":{"line":90,"column":84}},"90":{"start":{"line":91,"column":0},"end":{"line":91,"column":25}},"91":{"start":{"line":92,"column":0},"end":{"line":92,"column":20}},"92":{"start":{"line":93,"column":0},"end":{"line":93,"column":60}},"93":{"start":{"line":94,"column":0},"end":{"line":94,"column":11}},"94":{"start":{"line":95,"column":0},"end":{"line":95,"column":11}},"96":{"start":{"line":97,"column":0},"end":{"line":97,"column":31}},"97":{"start":{"line":98,"column":0},"end":{"line":98,"column":54}},"98":{"start":{"line":99,"column":0},"end":{"line":99,"column":77}},"99":{"start":{"line":100,"column":0},"end":{"line":100,"column":9}},"101":{"start":{"line":102,"column":0},"end":{"line":102,"column":49}},"102":{"start":{"line":103,"column":0},"end":{"line":103,"column":66}},"105":{"start":{"line":106,"column":0},"end":{"line":106,"column":33}},"106":{"start":{"line":107,"column":0},"end":{"line":107,"column":21}},"107":{"start":{"line":108,"column":0},"end":{"line":108,"column":85}},"108":{"start":{"line":109,"column":0},"end":{"line":109,"column":57}},"109":{"start":{"line":110,"column":0},"end":{"line":110,"column":17}},"110":{"start":{"line":111,"column":0},"end":{"line":111,"column":28}},"111":{"start":{"line":112,"column":0},"end":{"line":112,"column":7}},"112":{"start":{"line":113,"column":0},"end":{"line":113,"column":6}},"115":{"start":{"line":116,"column":0},"end":{"line":116,"column":37}},"116":{"start":{"line":117,"column":0},"end":{"line":117,"column":26}},"117":{"start":{"line":118,"column":0},"end":{"line":118,"column":5}},"118":{"start":{"line":119,"column":0},"end":{"line":119,"column":76}},"121":{"start":{"line":122,"column":0},"end":{"line":122,"column":19}},"122":{"start":{"line":123,"column":0},"end":{"line":123,"column":16}},"123":{"start":{"line":124,"column":0},"end":{"line":124,"column":32}},"124":{"start":{"line":125,"column":0},"end":{"line":125,"column":5}},"125":{"start":{"line":126,"column":0},"end":{"line":126,"column":13}},"127":{"start":{"line":128,"column":0},"end":{"line":128,"column":41}},"128":{"start":{"line":129,"column":0},"end":{"line":129,"column":27}},"129":{"start":{"line":130,"column":0},"end":{"line":130,"column":23}},"130":{"start":{"line":131,"column":0},"end":{"line":131,"column":19}},"133":{"start":{"line":134,"column":0},"end":{"line":134,"column":44}},"135":{"start":{"line":136,"column":0},"end":{"line":136,"column":42}},"136":{"start":{"line":137,"column":0},"end":{"line":137,"column":53}},"137":{"start":{"line":138,"column":0},"end":{"line":138,"column":5}},"139":{"start":{"line":140,"column":0},"end":{"line":140,"column":78}},"140":{"start":{"line":141,"column":0},"end":{"line":141,"column":77}},"141":{"start":{"line":142,"column":0},"end":{"line":142,"column":81}},"142":{"start":{"line":143,"column":0},"end":{"line":143,"column":5}},"144":{"start":{"line":145,"column":0},"end":{"line":145,"column":9}},"145":{"start":{"line":146,"column":0},"end":{"line":146,"column":35}},"146":{"start":{"line":147,"column":0},"end":{"line":147,"column":83}},"147":{"start":{"line":148,"column":0},"end":{"line":148,"column":8}},"149":{"start":{"line":150,"column":0},"end":{"line":150,"column":25}},"150":{"start":{"line":151,"column":0},"end":{"line":151,"column":48}},"151":{"start":{"line":152,"column":0},"end":{"line":152,"column":60}},"152":{"start":{"line":153,"column":0},"end":{"line":153,"column":7}},"155":{"start":{"line":156,"column":0},"end":{"line":156,"column":47}},"156":{"start":{"line":157,"column":0},"end":{"line":157,"column":66}},"157":{"start":{"line":158,"column":0},"end":{"line":158,"column":52}},"158":{"start":{"line":159,"column":0},"end":{"line":159,"column":44}},"159":{"start":{"line":160,"column":0},"end":{"line":160,"column":27}},"160":{"start":{"line":161,"column":0},"end":{"line":161,"column":36}},"161":{"start":{"line":162,"column":0},"end":{"line":162,"column":35}},"162":{"start":{"line":163,"column":0},"end":{"line":163,"column":16}},"163":{"start":{"line":164,"column":0},"end":{"line":164,"column":17}},"164":{"start":{"line":165,"column":0},"end":{"line":165,"column":39}},"167":{"start":{"line":168,"column":0},"end":{"line":168,"column":24}},"168":{"start":{"line":169,"column":0},"end":{"line":169,"column":19}},"169":{"start":{"line":170,"column":0},"end":{"line":170,"column":44}},"170":{"start":{"line":171,"column":0},"end":{"line":171,"column":28}},"171":{"start":{"line":172,"column":0},"end":{"line":172,"column":15}},"172":{"start":{"line":173,"column":0},"end":{"line":173,"column":26}},"173":{"start":{"line":174,"column":0},"end":{"line":174,"column":5}},"174":{"start":{"line":175,"column":0},"end":{"line":175,"column":4}},"176":{"start":{"line":177,"column":0},"end":{"line":177,"column":36}},"177":{"start":{"line":178,"column":0},"end":{"line":178,"column":9}},"178":{"start":{"line":179,"column":0},"end":{"line":179,"column":22}},"179":{"start":{"line":180,"column":0},"end":{"line":180,"column":21}},"180":{"start":{"line":181,"column":0},"end":{"line":181,"column":51}},"181":{"start":{"line":182,"column":0},"end":{"line":182,"column":5}},"182":{"start":{"line":183,"column":0},"end":{"line":183,"column":4}},"184":{"start":{"line":185,"column":0},"end":{"line":185,"column":10}},"185":{"start":{"line":186,"column":0},"end":{"line":186,"column":31}},"186":{"start":{"line":187,"column":0},"end":{"line":187,"column":44}},"187":{"start":{"line":188,"column":0},"end":{"line":188,"column":16}},"188":{"start":{"line":189,"column":0},"end":{"line":189,"column":38}},"189":{"start":{"line":190,"column":0},"end":{"line":190,"column":80}},"190":{"start":{"line":191,"column":0},"end":{"line":191,"column":72}},"191":{"start":{"line":192,"column":0},"end":{"line":192,"column":14}},"193":{"start":{"line":194,"column":0},"end":{"line":194,"column":10}},"194":{"start":{"line":195,"column":0},"end":{"line":195,"column":37}},"195":{"start":{"line":196,"column":0},"end":{"line":196,"column":41}},"196":{"start":{"line":197,"column":0},"end":{"line":197,"column":77}},"197":{"start":{"line":198,"column":0},"end":{"line":198,"column":82}},"198":{"start":{"line":199,"column":0},"end":{"line":199,"column":16}},"199":{"start":{"line":200,"column":0},"end":{"line":200,"column":40}},"200":{"start":{"line":201,"column":0},"end":{"line":201,"column":18}},"201":{"start":{"line":202,"column":0},"end":{"line":202,"column":24}},"202":{"start":{"line":203,"column":0},"end":{"line":203,"column":32}},"203":{"start":{"line":204,"column":0},"end":{"line":204,"column":61}},"204":{"start":{"line":205,"column":0},"end":{"line":205,"column":50}},"205":{"start":{"line":206,"column":0},"end":{"line":206,"column":22}},"206":{"start":{"line":207,"column":0},"end":{"line":207,"column":34}},"207":{"start":{"line":208,"column":0},"end":{"line":208,"column":14}},"208":{"start":{"line":209,"column":0},"end":{"line":209,"column":68}},"209":{"start":{"line":210,"column":0},"end":{"line":210,"column":65}},"210":{"start":{"line":211,"column":0},"end":{"line":211,"column":21}},"211":{"start":{"line":212,"column":0},"end":{"line":212,"column":17}},"212":{"start":{"line":213,"column":0},"end":{"line":213,"column":57}},"213":{"start":{"line":214,"column":0},"end":{"line":214,"column":11}},"215":{"start":{"line":216,"column":0},"end":{"line":216,"column":10}},"217":{"start":{"line":218,"column":0},"end":{"line":218,"column":2}},"219":{"start":{"line":220,"column":0},"end":{"line":220,"column":23}}},"s":{"0":1,"1":1,"2":1,"6":1,"13":1,"14":27,"15":27,"16":27,"17":27,"18":27,"21":27,"24":27,"25":7,"27":7,"28":0,"29":0,"30":0,"32":7,"33":7,"34":7,"36":7,"37":7,"38":1,"39":1,"40":1,"41":1,"42":7,"43":1,"44":1,"45":1,"48":7,"49":0,"50":0,"51":0,"53":5,"54":5,"55":5,"56":5,"59":7,"60":0,"61":0,"62":0,"63":0,"64":0,"65":0,"66":0,"67":0,"69":5,"70":5,"71":5,"72":5,"73":5,"74":5,"75":5,"76":5,"77":5,"78":5,"79":5,"80":5,"81":5,"83":7,"84":1,"85":1,"86":1,"88":4,"89":4,"90":4,"91":4,"92":4,"93":4,"94":4,"96":7,"97":1,"98":1,"99":1,"101":3,"102":3,"105":3,"106":7,"107":2,"108":2,"109":7,"110":7,"111":7,"112":7,"115":7,"116":7,"117":7,"118":27,"121":27,"122":7,"123":0,"124":0,"125":27,"127":27,"128":2,"129":2,"130":2,"133":2,"135":2,"136":0,"137":0,"139":2,"140":2,"141":0,"142":0,"144":2,"145":2,"146":2,"147":2,"149":2,"150":1,"151":1,"152":1,"155":1,"156":1,"157":1,"158":1,"159":1,"160":1,"161":1,"162":1,"163":1,"164":1,"167":1,"168":1,"169":1,"170":1,"171":2,"172":2,"173":2,"174":2,"176":27,"177":0,"178":0,"179":0,"180":0,"181":0,"182":0,"184":27,"185":27,"186":27,"187":27,"188":0,"189":0,"190":0,"191":0,"193":27,"194":27,"195":27,"196":27,"197":27,"198":27,"199":27,"200":27,"201":27,"202":27,"203":27,"204":27,"205":27,"206":27,"207":27,"208":27,"209":27,"210":27,"211":27,"212":27,"213":27,"215":27,"217":27,"219":1},"branchMap":{"0":{"type":"branch","line":7,"loc":{"start":{"line":7,"column":37},"end":{"line":7,"column":61}},"locations":[{"start":{"line":7,"column":37},"end":{"line":7,"column":61}}]},"1":{"type":"branch","line":14,"loc":{"start":{"line":14,"column":16},"end":{"line":218,"column":2}},"locations":[{"start":{"line":14,"column":16},"end":{"line":218,"column":2}}]},"2":{"type":"branch","line":188,"loc":{"start":{"line":188,"column":8},"end":{"line":192,"column":14}},"locations":[{"start":{"line":188,"column":8},"end":{"line":192,"column":14}}]},"3":{"type":"branch","line":197,"loc":{"start":{"line":197,"column":13},"end":{"line":197,"column":77}},"locations":[{"start":{"line":197,"column":13},"end":{"line":197,"column":77}}]},"4":{"type":"branch","line":209,"loc":{"start":{"line":209,"column":44},"end":{"line":209,"column":68}},"locations":[{"start":{"line":209,"column":44},"end":{"line":209,"column":68}}]},"5":{"type":"branch","line":210,"loc":{"start":{"line":210,"column":15},"end":{"line":210,"column":46}},"locations":[{"start":{"line":210,"column":15},"end":{"line":210,"column":46}}]},"6":{"type":"branch","line":210,"loc":{"start":{"line":210,"column":27},"end":{"line":210,"column":65}},"locations":[{"start":{"line":210,"column":27},"end":{"line":210,"column":65}}]},"7":{"type":"branch","line":213,"loc":{"start":{"line":213,"column":11},"end":{"line":213,"column":57}},"locations":[{"start":{"line":213,"column":11},"end":{"line":213,"column":57}}]},"8":{"type":"branch","line":25,"loc":{"start":{"line":25,"column":12},"end":{"line":119,"column":5}},"locations":[{"start":{"line":25,"column":12},"end":{"line":119,"column":5}}]},"9":{"type":"branch","line":26,"loc":{"start":{"line":26,"column":30},"end":{"line":113,"column":6}},"locations":[{"start":{"line":26,"column":30},"end":{"line":113,"column":6}}]},"10":{"type":"branch","line":28,"loc":{"start":{"line":28,"column":42},"end":{"line":31,"column":7}},"locations":[{"start":{"line":28,"column":42},"end":{"line":31,"column":7}}]},"11":{"type":"branch","line":38,"loc":{"start":{"line":38,"column":26},"end":{"line":42,"column":9}},"locations":[{"start":{"line":38,"column":26},"end":{"line":42,"column":9}}]},"12":{"type":"branch","line":42,"loc":{"start":{"line":42,"column":8},"end":{"line":43,"column":22}},"locations":[{"start":{"line":42,"column":8},"end":{"line":43,"column":22}}]},"13":{"type":"branch","line":43,"loc":{"start":{"line":43,"column":22},"end":{"line":46,"column":9}},"locations":[{"start":{"line":43,"column":22},"end":{"line":46,"column":9}}]},"14":{"type":"branch","line":46,"loc":{"start":{"line":46,"column":8},"end":{"line":49,"column":53}},"locations":[{"start":{"line":46,"column":8},"end":{"line":49,"column":53}}]},"15":{"type":"branch","line":49,"loc":{"start":{"line":49,"column":64},"end":{"line":52,"column":9}},"locations":[{"start":{"line":49,"column":64},"end":{"line":52,"column":9}}]},"16":{"type":"branch","line":52,"loc":{"start":{"line":52,"column":8},"end":{"line":57,"column":58}},"locations":[{"start":{"line":52,"column":8},"end":{"line":57,"column":58}}]},"17":{"type":"branch","line":60,"loc":{"start":{"line":60,"column":13},"end":{"line":60,"column":45}},"locations":[{"start":{"line":60,"column":13},"end":{"line":60,"column":45}}]},"18":{"type":"branch","line":60,"loc":{"start":{"line":60,"column":29},"end":{"line":60,"column":57}},"locations":[{"start":{"line":60,"column":29},"end":{"line":60,"column":57}}]},"19":{"type":"branch","line":60,"loc":{"start":{"line":60,"column":57},"end":{"line":68,"column":9}},"locations":[{"start":{"line":60,"column":57},"end":{"line":68,"column":9}}]},"20":{"type":"branch","line":68,"loc":{"start":{"line":68,"column":8},"end":{"line":84,"column":31}},"locations":[{"start":{"line":68,"column":8},"end":{"line":84,"column":31}}]},"21":{"type":"branch","line":84,"loc":{"start":{"line":84,"column":31},"end":{"line":87,"column":9}},"locations":[{"start":{"line":84,"column":31},"end":{"line":87,"column":9}}]},"22":{"type":"branch","line":86,"loc":{"start":{"line":86,"column":36},"end":{"line":86,"column":77}},"locations":[{"start":{"line":86,"column":36},"end":{"line":86,"column":77}}]},"23":{"type":"branch","line":87,"loc":{"start":{"line":87,"column":8},"end":{"line":97,"column":30}},"locations":[{"start":{"line":87,"column":8},"end":{"line":97,"column":30}}]},"24":{"type":"branch","line":97,"loc":{"start":{"line":97,"column":30},"end":{"line":100,"column":9}},"locations":[{"start":{"line":97,"column":30},"end":{"line":100,"column":9}}]},"25":{"type":"branch","line":99,"loc":{"start":{"line":99,"column":36},"end":{"line":99,"column":75}},"locations":[{"start":{"line":99,"column":36},"end":{"line":99,"column":75}}]},"26":{"type":"branch","line":100,"loc":{"start":{"line":100,"column":8},"end":{"line":107,"column":15}},"locations":[{"start":{"line":100,"column":8},"end":{"line":107,"column":15}}]},"27":{"type":"branch","line":107,"loc":{"start":{"line":107,"column":6},"end":{"line":110,"column":8}},"locations":[{"start":{"line":107,"column":6},"end":{"line":110,"column":8}}]},"28":{"type":"branch","line":110,"loc":{"start":{"line":110,"column":6},"end":{"line":110,"column":8}},"locations":[{"start":{"line":110,"column":6},"end":{"line":110,"column":8}}]},"29":{"type":"branch","line":122,"loc":{"start":{"line":122,"column":12},"end":{"line":126,"column":5}},"locations":[{"start":{"line":122,"column":12},"end":{"line":126,"column":5}}]},"30":{"type":"branch","line":123,"loc":{"start":{"line":123,"column":15},"end":{"line":125,"column":5}},"locations":[{"start":{"line":123,"column":15},"end":{"line":125,"column":5}}]},"31":{"type":"branch","line":128,"loc":{"start":{"line":128,"column":23},"end":{"line":175,"column":4}},"locations":[{"start":{"line":128,"column":23},"end":{"line":175,"column":4}}]},"32":{"type":"branch","line":136,"loc":{"start":{"line":136,"column":41},"end":{"line":138,"column":5}},"locations":[{"start":{"line":136,"column":41},"end":{"line":138,"column":5}}]},"33":{"type":"branch","line":140,"loc":{"start":{"line":140,"column":39},"end":{"line":140,"column":78}},"locations":[{"start":{"line":140,"column":39},"end":{"line":140,"column":78}}]},"34":{"type":"branch","line":141,"loc":{"start":{"line":141,"column":39},"end":{"line":141,"column":76}},"locations":[{"start":{"line":141,"column":39},"end":{"line":141,"column":76}}]},"35":{"type":"branch","line":141,"loc":{"start":{"line":141,"column":76},"end":{"line":143,"column":5}},"locations":[{"start":{"line":141,"column":76},"end":{"line":143,"column":5}}]},"36":{"type":"branch","line":150,"loc":{"start":{"line":150,"column":24},"end":{"line":172,"column":6}},"locations":[{"start":{"line":150,"column":24},"end":{"line":172,"column":6}}]},"37":{"type":"branch","line":152,"loc":{"start":{"line":152,"column":34},"end":{"line":152,"column":58}},"locations":[{"start":{"line":152,"column":34},"end":{"line":152,"column":58}}]},"38":{"type":"branch","line":204,"loc":{"start":{"line":204,"column":24},"end":{"line":204,"column":61}},"locations":[{"start":{"line":204,"column":24},"end":{"line":204,"column":61}}]}},"b":{"0":[0],"1":[27],"2":[0],"3":[9],"4":[25],"5":[2],"6":[25],"7":[4],"8":[7],"9":[7],"10":[0],"11":[1],"12":[6],"13":[1],"14":[5],"15":[0],"16":[5],"17":[5],"18":[5],"19":[0],"20":[5],"21":[1],"22":[0],"23":[4],"24":[1],"25":[0],"26":[3],"27":[2],"28":[5],"29":[7],"30":[0],"31":[2],"32":[0],"33":[0],"34":[0],"35":[0],"36":[1],"37":[0],"38":[2]},"fnMap":{"0":{"name":"AppPage","decl":{"start":{"line":14,"column":16},"end":{"line":218,"column":2}},"loc":{"start":{"line":14,"column":16},"end":{"line":218,"column":2}},"line":14},"1":{"name":"syncSpotifyTokens","decl":{"start":{"line":26,"column":30},"end":{"line":113,"column":6}},"loc":{"start":{"line":26,"column":30},"end":{"line":113,"column":6}},"line":26},"2":{"name":"handleSubmit","decl":{"start":{"line":128,"column":23},"end":{"line":175,"column":4}},"loc":{"start":{"line":128,"column":23},"end":{"line":175,"column":4}},"line":128},"3":{"name":"handleLogout","decl":{"start":{"line":177,"column":23},"end":{"line":183,"column":4}},"loc":{"start":{"line":177,"column":23},"end":{"line":183,"column":4}},"line":177},"4":{"name":"onChange","decl":{"start":{"line":204,"column":24},"end":{"line":204,"column":61}},"loc":{"start":{"line":204,"column":24},"end":{"line":204,"column":61}},"line":204}},"f":{"0":27,"1":7,"2":2,"3":0,"4":2}}
,"/Users/paulsondhi/listener/packages/client/src/components/Login.jsx": {"path":"/Users/paulsondhi/listener/packages/client/src/components/Login.jsx","all":false,"statementMap":{"0":{"start":{"line":1,"column":0},"end":{"line":1,"column":43}},"1":{"start":{"line":2,"column":0},"end":{"line":2,"column":46}},"2":{"start":{"line":3,"column":0},"end":{"line":3,"column":49}},"4":{"start":{"line":5,"column":0},"end":{"line":5,"column":33}},"5":{"start":{"line":6,"column":0},"end":{"line":6,"column":40}},"6":{"start":{"line":7,"column":0},"end":{"line":7,"column":36}},"7":{"start":{"line":8,"column":0},"end":{"line":8,"column":32}},"11":{"start":{"line":12,"column":0},"end":{"line":12,"column":73}},"12":{"start":{"line":13,"column":0},"end":{"line":13,"column":38}},"15":{"start":{"line":16,"column":0},"end":{"line":16,"column":19}},"16":{"start":{"line":17,"column":0},"end":{"line":17,"column":15}},"17":{"start":{"line":18,"column":0},"end":{"line":18,"column":22}},"18":{"start":{"line":19,"column":0},"end":{"line":19,"column":5}},"19":{"start":{"line":20,"column":0},"end":{"line":20,"column":22}},"21":{"start":{"line":22,"column":0},"end":{"line":22,"column":35}},"22":{"start":{"line":23,"column":0},"end":{"line":23,"column":9}},"23":{"start":{"line":24,"column":0},"end":{"line":24,"column":18}},"24":{"start":{"line":25,"column":0},"end":{"line":25,"column":38}},"25":{"start":{"line":26,"column":0},"end":{"line":26,"column":28}},"26":{"start":{"line":27,"column":0},"end":{"line":27,"column":18}},"27":{"start":{"line":28,"column":0},"end":{"line":28,"column":54}},"28":{"start":{"line":29,"column":0},"end":{"line":29,"column":35}},"29":{"start":{"line":30,"column":0},"end":{"line":30,"column":24}},"30":{"start":{"line":31,"column":0},"end":{"line":31,"column":59}},"31":{"start":{"line":32,"column":0},"end":{"line":32,"column":11}},"32":{"start":{"line":33,"column":0},"end":{"line":33,"column":9}},"33":{"start":{"line":34,"column":0},"end":{"line":34,"column":8}},"35":{"start":{"line":36,"column":0},"end":{"line":36,"column":18}},"36":{"start":{"line":37,"column":0},"end":{"line":37,"column":44}},"37":{"start":{"line":38,"column":0},"end":{"line":38,"column":57}},"38":{"start":{"line":39,"column":0},"end":{"line":39,"column":7}},"39":{"start":{"line":40,"column":0},"end":{"line":40,"column":21}},"40":{"start":{"line":41,"column":0},"end":{"line":41,"column":49}},"41":{"start":{"line":42,"column":0},"end":{"line":42,"column":78}},"42":{"start":{"line":43,"column":0},"end":{"line":43,"column":5}},"43":{"start":{"line":44,"column":0},"end":{"line":44,"column":3}},"45":{"start":{"line":46,"column":0},"end":{"line":46,"column":10}},"46":{"start":{"line":47,"column":0},"end":{"line":47,"column":31}},"47":{"start":{"line":48,"column":0},"end":{"line":48,"column":64}},"48":{"start":{"line":49,"column":0},"end":{"line":49,"column":79}},"49":{"start":{"line":50,"column":0},"end":{"line":50,"column":10}},"51":{"start":{"line":52,"column":0},"end":{"line":52,"column":1}}},"s":{"0":1,"1":1,"2":1,"4":6,"5":6,"6":6,"7":6,"11":6,"12":6,"15":6,"16":4,"17":1,"18":1,"19":6,"21":6,"22":2,"23":2,"24":2,"25":2,"26":2,"27":2,"28":2,"29":2,"30":2,"31":2,"32":2,"33":2,"35":2,"36":1,"37":1,"38":1,"39":2,"40":0,"41":0,"42":0,"43":2,"45":6,"46":6,"47":6,"48":6,"49":6,"51":6},"branchMap":{"0":{"type":"branch","line":5,"loc":{"start":{"line":5,"column":0},"end":{"line":52,"column":1}},"locations":[{"start":{"line":5,"column":0},"end":{"line":52,"column":1}}]},"1":{"type":"branch","line":12,"loc":{"start":{"line":12,"column":33},"end":{"line":12,"column":73}},"locations":[{"start":{"line":12,"column":33},"end":{"line":12,"column":73}}]},"2":{"type":"branch","line":49,"loc":{"start":{"line":49,"column":7},"end":{"line":49,"column":79}},"locations":[{"start":{"line":49,"column":7},"end":{"line":49,"column":79}}]},"3":{"type":"branch","line":16,"loc":{"start":{"line":16,"column":12},"end":{"line":20,"column":5}},"locations":[{"start":{"line":16,"column":12},"end":{"line":20,"column":5}}]},"4":{"type":"branch","line":17,"loc":{"start":{"line":17,"column":14},"end":{"line":19,"column":5}},"locations":[{"start":{"line":17,"column":14},"end":{"line":19,"column":5}}]},"5":{"type":"branch","line":22,"loc":{"start":{"line":22,"column":22},"end":{"line":44,"column":3}},"locations":[{"start":{"line":22,"column":22},"end":{"line":44,"column":3}}]},"6":{"type":"branch","line":36,"loc":{"start":{"line":36,"column":17},"end":{"line":39,"column":7}},"locations":[{"start":{"line":36,"column":17},"end":{"line":39,"column":7}}]},"7":{"type":"branch","line":40,"loc":{"start":{"line":40,"column":4},"end":{"line":43,"column":5}},"locations":[{"start":{"line":40,"column":4},"end":{"line":43,"column":5}}]}},"b":{"0":[6],"1":[0],"2":[2],"3":[4],"4":[1],"5":[2],"6":[1],"7":[0]},"fnMap":{"0":{"name":"Login","decl":{"start":{"line":5,"column":0},"end":{"line":52,"column":1}},"loc":{"start":{"line":5,"column":0},"end":{"line":52,"column":1}},"line":5},"1":{"name":"handleLogin","decl":{"start":{"line":22,"column":22},"end":{"line":44,"column":3}},"loc":{"start":{"line":22,"column":22},"end":{"line":44,"column":3}},"line":22}},"f":{"0":6,"1":2}}
,"/Users/paulsondhi/listener/packages/client/src/contexts/AuthContext.jsx": {"path":"/Users/paulsondhi/listener/packages/client/src/contexts/AuthContext.jsx","all":false,"statementMap":{"0":{"start":{"line":1,"column":0},"end":{"line":1,"column":70}},"1":{"start":{"line":2,"column":0},"end":{"line":2,"column":48}},"4":{"start":{"line":5,"column":0},"end":{"line":5,"column":37}},"7":{"start":{"line":8,"column":0},"end":{"line":8,"column":44}},"8":{"start":{"line":9,"column":0},"end":{"line":9,"column":40}},"9":{"start":{"line":10,"column":0},"end":{"line":10,"column":46}},"11":{"start":{"line":12,"column":0},"end":{"line":12,"column":19}},"13":{"start":{"line":14,"column":0},"end":{"line":14,"column":64}},"14":{"start":{"line":15,"column":0},"end":{"line":15,"column":36}},"15":{"start":{"line":16,"column":0},"end":{"line":16,"column":23}},"16":{"start":{"line":17,"column":0},"end":{"line":17,"column":6}},"19":{"start":{"line":20,"column":0},"end":{"line":20,"column":93}},"20":{"start":{"line":21,"column":0},"end":{"line":21,"column":36}},"21":{"start":{"line":22,"column":0},"end":{"line":22,"column":23}},"22":{"start":{"line":23,"column":0},"end":{"line":23,"column":6}},"24":{"start":{"line":25,"column":0},"end":{"line":25,"column":43}},"25":{"start":{"line":26,"column":0},"end":{"line":26,"column":8}},"27":{"start":{"line":28,"column":0},"end":{"line":28,"column":17}},"28":{"start":{"line":29,"column":0},"end":{"line":29,"column":64}},"29":{"start":{"line":30,"column":0},"end":{"line":30,"column":43}},"30":{"start":{"line":31,"column":0},"end":{"line":31,"column":9}},"31":{"start":{"line":32,"column":0},"end":{"line":32,"column":3}},"33":{"start":{"line":34,"column":0},"end":{"line":34,"column":10}},"34":{"start":{"line":35,"column":0},"end":{"line":35,"column":40}},"35":{"start":{"line":36,"column":0},"end":{"line":36,"column":28}},"36":{"start":{"line":37,"column":0},"end":{"line":37,"column":27}},"38":{"start":{"line":39,"column":0},"end":{"line":39,"column":1}},"41":{"start":{"line":42,"column":0},"end":{"line":42,"column":30}},"42":{"start":{"line":43,"column":0},"end":{"line":43,"column":32}},"43":{"start":{"line":44,"column":0},"end":{"line":44,"column":1}}},"s":{"0":1,"1":1,"4":1,"7":1,"8":24,"9":24,"11":24,"13":11,"14":11,"15":11,"16":11,"19":11,"20":2,"21":2,"22":11,"24":11,"25":24,"27":24,"28":24,"29":24,"30":24,"31":24,"33":24,"34":24,"35":24,"36":24,"38":24,"41":1,"42":9,"43":9},"branchMap":{"0":{"type":"branch","line":8,"loc":{"start":{"line":8,"column":7},"end":{"line":39,"column":1}},"locations":[{"start":{"line":8,"column":7},"end":{"line":39,"column":1}}]},"1":{"type":"branch","line":36,"loc":{"start":{"line":36,"column":8},"end":{"line":36,"column":28}},"locations":[{"start":{"line":36,"column":8},"end":{"line":36,"column":28}}]},"2":{"type":"branch","line":12,"loc":{"start":{"line":12,"column":12},"end":{"line":26,"column":5}},"locations":[{"start":{"line":12,"column":12},"end":{"line":26,"column":5}}]},"3":{"type":"branch","line":14,"loc":{"start":{"line":14,"column":36},"end":{"line":17,"column":5}},"locations":[{"start":{"line":14,"column":36},"end":{"line":17,"column":5}}]},"4":{"type":"branch","line":15,"loc":{"start":{"line":15,"column":14},"end":{"line":15,"column":31}},"locations":[{"start":{"line":15,"column":14},"end":{"line":15,"column":31}}]},"5":{"type":"branch","line":15,"loc":{"start":{"line":15,"column":23},"end":{"line":15,"column":35}},"locations":[{"start":{"line":15,"column":23},"end":{"line":15,"column":35}}]},"6":{"type":"branch","line":20,"loc":{"start":{"line":20,"column":71},"end":{"line":23,"column":5}},"locations":[{"start":{"line":20,"column":71},"end":{"line":23,"column":5}}]},"7":{"type":"branch","line":21,"loc":{"start":{"line":21,"column":14},"end":{"line":21,"column":31}},"locations":[{"start":{"line":21,"column":14},"end":{"line":21,"column":31}}]},"8":{"type":"branch","line":21,"loc":{"start":{"line":21,"column":23},"end":{"line":21,"column":35}},"locations":[{"start":{"line":21,"column":23},"end":{"line":21,"column":35}}]},"9":{"type":"branch","line":25,"loc":{"start":{"line":25,"column":11},"end":{"line":25,"column":43}},"locations":[{"start":{"line":25,"column":11},"end":{"line":25,"column":43}}]},"10":{"type":"branch","line":29,"loc":{"start":{"line":29,"column":12},"end":{"line":29,"column":64}},"locations":[{"start":{"line":29,"column":12},"end":{"line":29,"column":64}}]},"11":{"type":"branch","line":30,"loc":{"start":{"line":30,"column":13},"end":{"line":30,"column":43}},"locations":[{"start":{"line":30,"column":13},"end":{"line":30,"column":43}}]},"12":{"type":"branch","line":42,"loc":{"start":{"line":42,"column":23},"end":{"line":44,"column":1}},"locations":[{"start":{"line":42,"column":23},"end":{"line":44,"column":1}}]}},"b":{"0":[24],"1":[13],"2":[11],"3":[11],"4":[2],"5":[9],"6":[2],"7":[1],"8":[1],"9":[11],"10":[1],"11":[1],"12":[9]},"fnMap":{"0":{"name":"AuthProvider","decl":{"start":{"line":8,"column":7},"end":{"line":39,"column":1}},"loc":{"start":{"line":8,"column":7},"end":{"line":39,"column":1}},"line":8},"1":{"name":"signIn","decl":{"start":{"line":29,"column":12},"end":{"line":29,"column":64}},"loc":{"start":{"line":29,"column":12},"end":{"line":29,"column":64}},"line":29},"2":{"name":"signOut","decl":{"start":{"line":30,"column":13},"end":{"line":30,"column":43}},"loc":{"start":{"line":30,"column":13},"end":{"line":30,"column":43}},"line":30},"3":{"name":"useAuth","decl":{"start":{"line":42,"column":23},"end":{"line":44,"column":1}},"loc":{"start":{"line":42,"column":23},"end":{"line":44,"column":1}},"line":42}},"f":{"0":24,"1":1,"2":1,"3":9}}
,"/Users/paulsondhi/listener/packages/client/src/lib/supabaseClient.js": {"path":"/Users/paulsondhi/listener/packages/client/src/lib/supabaseClient.js","all":false,"statementMap":{"0":{"start":{"line":1,"column":0},"end":{"line":1,"column":52}},"2":{"start":{"line":3,"column":0},"end":{"line":3,"column":60}},"3":{"start":{"line":4,"column":0},"end":{"line":4,"column":62}},"4":{"start":{"line":5,"column":0},"end":{"line":5,"column":53}},"5":{"start":{"line":6,"column":0},"end":{"line":6,"column":62}},"7":{"start":{"line":8,"column":0},"end":{"line":8,"column":66}}},"s":{"0":1,"2":1,"3":1,"4":1,"5":1,"7":1},"branchMap":{},"b":{},"fnMap":{},"f":{}}
}
